mode: set
github.com/xaionaro-go/spdm/pkg/requester/auth.go:18.81,20.15 2 1
github.com/xaionaro-go/spdm/pkg/requester/auth.go:20.15,20.87 1 1
github.com/xaionaro-go/spdm/pkg/requester/auth.go:21.2,31.16 4 1
github.com/xaionaro-go/spdm/pkg/requester/auth.go:31.16,33.3 1 0
github.com/xaionaro-go/spdm/pkg/requester/auth.go:35.2,36.16 2 1
github.com/xaionaro-go/spdm/pkg/requester/auth.go:36.16,38.3 1 0
github.com/xaionaro-go/spdm/pkg/requester/auth.go:40.2,42.69 3 1
github.com/xaionaro-go/spdm/pkg/requester/auth.go:42.69,44.3 1 0
github.com/xaionaro-go/spdm/pkg/requester/auth.go:47.2,50.24 3 1
github.com/xaionaro-go/spdm/pkg/requester/auth.go:55.97,57.15 2 1
github.com/xaionaro-go/spdm/pkg/requester/auth.go:57.15,57.89 1 1
github.com/xaionaro-go/spdm/pkg/requester/auth.go:58.2,63.6 5 1
github.com/xaionaro-go/spdm/pkg/requester/auth.go:63.6,75.17 3 1
github.com/xaionaro-go/spdm/pkg/requester/auth.go:75.17,77.4 1 0
github.com/xaionaro-go/spdm/pkg/requester/auth.go:79.3,80.17 2 1
github.com/xaionaro-go/spdm/pkg/requester/auth.go:80.17,82.4 1 0
github.com/xaionaro-go/spdm/pkg/requester/auth.go:84.3,85.44 2 1
github.com/xaionaro-go/spdm/pkg/requester/auth.go:85.44,87.4 1 0
github.com/xaionaro-go/spdm/pkg/requester/auth.go:90.3,96.30 5 1
github.com/xaionaro-go/spdm/pkg/requester/auth.go:96.30,97.9 1 1
github.com/xaionaro-go/spdm/pkg/requester/auth.go:101.2,104.34 2 1
github.com/xaionaro-go/spdm/pkg/requester/auth.go:104.34,105.57 1 0
github.com/xaionaro-go/spdm/pkg/requester/auth.go:105.57,107.4 1 0
github.com/xaionaro-go/spdm/pkg/requester/auth.go:110.2,110.19 1 1
github.com/xaionaro-go/spdm/pkg/requester/auth.go:120.80,123.26 3 0
github.com/xaionaro-go/spdm/pkg/requester/auth.go:123.26,125.3 1 0
github.com/xaionaro-go/spdm/pkg/requester/auth.go:127.2,129.16 3 0
github.com/xaionaro-go/spdm/pkg/requester/auth.go:129.16,131.3 1 0
github.com/xaionaro-go/spdm/pkg/requester/auth.go:133.2,133.21 1 0
github.com/xaionaro-go/spdm/pkg/requester/auth.go:133.21,135.3 1 0
github.com/xaionaro-go/spdm/pkg/requester/auth.go:138.2,139.44 2 0
github.com/xaionaro-go/spdm/pkg/requester/auth.go:139.44,141.3 1 0
github.com/xaionaro-go/spdm/pkg/requester/auth.go:143.2,149.45 3 0
github.com/xaionaro-go/spdm/pkg/requester/auth.go:149.45,151.3 1 0
github.com/xaionaro-go/spdm/pkg/requester/auth.go:153.2,154.12 2 0
github.com/xaionaro-go/spdm/pkg/requester/auth.go:159.95,161.15 2 1
github.com/xaionaro-go/spdm/pkg/requester/auth.go:161.15,161.65 1 1
github.com/xaionaro-go/spdm/pkg/requester/auth.go:162.2,172.51 3 1
github.com/xaionaro-go/spdm/pkg/requester/auth.go:172.51,174.3 1 0
github.com/xaionaro-go/spdm/pkg/requester/auth.go:176.2,177.16 2 1
github.com/xaionaro-go/spdm/pkg/requester/auth.go:177.16,179.3 1 0
github.com/xaionaro-go/spdm/pkg/requester/auth.go:181.2,182.16 2 1
github.com/xaionaro-go/spdm/pkg/requester/auth.go:182.16,184.3 1 0
github.com/xaionaro-go/spdm/pkg/requester/auth.go:186.2,191.47 4 1
github.com/xaionaro-go/spdm/pkg/requester/auth.go:191.47,193.3 1 1
github.com/xaionaro-go/spdm/pkg/requester/auth.go:195.2,196.88 2 1
github.com/xaionaro-go/spdm/pkg/requester/auth.go:196.88,198.3 1 0
github.com/xaionaro-go/spdm/pkg/requester/auth.go:201.2,201.62 1 1
github.com/xaionaro-go/spdm/pkg/requester/auth.go:201.62,202.79 1 1
github.com/xaionaro-go/spdm/pkg/requester/auth.go:202.79,204.4 1 0
github.com/xaionaro-go/spdm/pkg/requester/auth.go:207.2,208.12 2 1
github.com/xaionaro-go/spdm/pkg/requester/auth.go:217.9,220.16 2 1
github.com/xaionaro-go/spdm/pkg/requester/auth.go:220.16,222.3 1 0
github.com/xaionaro-go/spdm/pkg/requester/auth.go:225.2,242.110 11 1
github.com/xaionaro-go/spdm/pkg/requester/auth.go:242.110,244.3 1 0
github.com/xaionaro-go/spdm/pkg/requester/auth.go:246.2,247.12 2 1
github.com/xaionaro-go/spdm/pkg/requester/auth.go:256.82,259.25 3 1
github.com/xaionaro-go/spdm/pkg/requester/auth.go:259.25,261.3 1 1
github.com/xaionaro-go/spdm/pkg/requester/auth.go:264.2,275.17 10 1
github.com/xaionaro-go/spdm/pkg/requester/auth.go:285.72,286.31 1 1
github.com/xaionaro-go/spdm/pkg/requester/auth.go:286.31,288.3 1 0
github.com/xaionaro-go/spdm/pkg/requester/auth.go:290.2,292.36 3 1
github.com/xaionaro-go/spdm/pkg/requester/auth.go:292.36,294.3 1 0
github.com/xaionaro-go/spdm/pkg/requester/auth.go:297.2,300.16 3 1
github.com/xaionaro-go/spdm/pkg/requester/auth.go:300.16,302.3 1 0
github.com/xaionaro-go/spdm/pkg/requester/auth.go:304.2,304.21 1 1
github.com/xaionaro-go/spdm/pkg/requester/auth.go:304.21,306.3 1 0
github.com/xaionaro-go/spdm/pkg/requester/auth.go:309.2,310.28 2 1
github.com/xaionaro-go/spdm/pkg/requester/auth.go:314.69,318.25 3 1
github.com/xaionaro-go/spdm/pkg/requester/auth.go:318.25,321.17 2 1
github.com/xaionaro-go/spdm/pkg/requester/auth.go:321.17,323.4 1 0
github.com/xaionaro-go/spdm/pkg/requester/auth.go:325.3,326.17 2 1
github.com/xaionaro-go/spdm/pkg/requester/auth.go:326.17,328.4 1 0
github.com/xaionaro-go/spdm/pkg/requester/auth.go:329.3,330.34 2 1
github.com/xaionaro-go/spdm/pkg/requester/auth.go:333.2,333.19 1 1
github.com/xaionaro-go/spdm/pkg/requester/auth.go:338.48,339.19 1 1
github.com/xaionaro-go/spdm/pkg/requester/auth.go:339.19,341.3 1 0
github.com/xaionaro-go/spdm/pkg/requester/auth.go:344.2,345.20 2 1
github.com/xaionaro-go/spdm/pkg/requester/auth.go:345.20,348.3 1 0
github.com/xaionaro-go/spdm/pkg/requester/auth.go:351.2,352.41 2 1
github.com/xaionaro-go/spdm/pkg/requester/auth.go:352.41,354.3 1 0
github.com/xaionaro-go/spdm/pkg/requester/auth.go:355.2,355.31 1 1
github.com/xaionaro-go/spdm/pkg/requester/auth.go:355.31,357.3 1 0
github.com/xaionaro-go/spdm/pkg/requester/auth.go:359.2,360.35 2 1
github.com/xaionaro-go/spdm/pkg/requester/auth.go:360.35,362.3 1 1
github.com/xaionaro-go/spdm/pkg/requester/auth.go:364.2,365.26 2 1
github.com/xaionaro-go/spdm/pkg/requester/auth.go:365.26,367.3 1 0
github.com/xaionaro-go/spdm/pkg/requester/auth.go:368.2,368.22 1 1
github.com/xaionaro-go/spdm/pkg/requester/chunk.go:17.89,27.45 5 0
github.com/xaionaro-go/spdm/pkg/requester/chunk.go:27.45,29.3 1 0
github.com/xaionaro-go/spdm/pkg/requester/chunk.go:31.2,35.25 4 0
github.com/xaionaro-go/spdm/pkg/requester/chunk.go:35.25,37.17 2 0
github.com/xaionaro-go/spdm/pkg/requester/chunk.go:37.17,39.4 1 0
github.com/xaionaro-go/spdm/pkg/requester/chunk.go:41.3,42.22 2 0
github.com/xaionaro-go/spdm/pkg/requester/chunk.go:42.22,44.4 1 0
github.com/xaionaro-go/spdm/pkg/requester/chunk.go:45.3,49.13 4 0
github.com/xaionaro-go/spdm/pkg/requester/chunk.go:49.13,51.4 1 0
github.com/xaionaro-go/spdm/pkg/requester/chunk.go:53.3,64.17 2 0
github.com/xaionaro-go/spdm/pkg/requester/chunk.go:64.17,66.4 1 0
github.com/xaionaro-go/spdm/pkg/requester/chunk.go:68.3,69.17 2 0
github.com/xaionaro-go/spdm/pkg/requester/chunk.go:69.17,71.4 1 0
github.com/xaionaro-go/spdm/pkg/requester/chunk.go:73.3,73.51 1 0
github.com/xaionaro-go/spdm/pkg/requester/chunk.go:73.51,75.4 1 0
github.com/xaionaro-go/spdm/pkg/requester/chunk.go:77.3,78.45 2 0
github.com/xaionaro-go/spdm/pkg/requester/chunk.go:78.45,80.4 1 0
github.com/xaionaro-go/spdm/pkg/requester/chunk.go:83.3,83.61 1 0
github.com/xaionaro-go/spdm/pkg/requester/chunk.go:83.61,85.4 1 0
github.com/xaionaro-go/spdm/pkg/requester/chunk.go:87.3,88.10 2 0
github.com/xaionaro-go/spdm/pkg/requester/chunk.go:91.2,92.12 2 0
github.com/xaionaro-go/spdm/pkg/requester/chunk.go:96.81,103.6 5 0
github.com/xaionaro-go/spdm/pkg/requester/chunk.go:103.6,114.17 3 0
github.com/xaionaro-go/spdm/pkg/requester/chunk.go:114.17,116.4 1 0
github.com/xaionaro-go/spdm/pkg/requester/chunk.go:118.3,118.52 1 0
github.com/xaionaro-go/spdm/pkg/requester/chunk.go:118.52,120.4 1 0
github.com/xaionaro-go/spdm/pkg/requester/chunk.go:122.3,123.44 2 0
github.com/xaionaro-go/spdm/pkg/requester/chunk.go:123.44,125.4 1 0
github.com/xaionaro-go/spdm/pkg/requester/chunk.go:127.3,129.23 2 0
github.com/xaionaro-go/spdm/pkg/requester/chunk.go:129.23,130.9 1 0
github.com/xaionaro-go/spdm/pkg/requester/chunk.go:132.3,132.10 1 0
github.com/xaionaro-go/spdm/pkg/requester/chunk.go:135.2,136.20 2 0
github.com/xaionaro-go/spdm/pkg/requester/connection.go:19.92,21.15 2 1
github.com/xaionaro-go/spdm/pkg/requester/connection.go:21.15,21.87 1 1
github.com/xaionaro-go/spdm/pkg/requester/connection.go:22.2,22.42 1 1
github.com/xaionaro-go/spdm/pkg/requester/connection.go:22.42,24.3 1 0
github.com/xaionaro-go/spdm/pkg/requester/connection.go:25.2,25.47 1 1
github.com/xaionaro-go/spdm/pkg/requester/connection.go:25.47,27.3 1 0
github.com/xaionaro-go/spdm/pkg/requester/connection.go:28.2,28.51 1 1
github.com/xaionaro-go/spdm/pkg/requester/connection.go:28.51,30.3 1 0
github.com/xaionaro-go/spdm/pkg/requester/connection.go:31.2,31.21 1 1
github.com/xaionaro-go/spdm/pkg/requester/connection.go:35.59,45.16 4 1
github.com/xaionaro-go/spdm/pkg/requester/connection.go:45.16,47.3 1 0
github.com/xaionaro-go/spdm/pkg/requester/connection.go:49.2,50.43 2 1
github.com/xaionaro-go/spdm/pkg/requester/connection.go:50.43,52.3 1 0
github.com/xaionaro-go/spdm/pkg/requester/connection.go:55.2,55.35 1 1
github.com/xaionaro-go/spdm/pkg/requester/connection.go:55.35,58.3 1 0
github.com/xaionaro-go/spdm/pkg/requester/connection.go:61.2,61.33 1 1
github.com/xaionaro-go/spdm/pkg/requester/connection.go:61.33,63.3 1 0
github.com/xaionaro-go/spdm/pkg/requester/connection.go:66.2,67.35 2 1
github.com/xaionaro-go/spdm/pkg/requester/connection.go:67.35,69.3 1 1
github.com/xaionaro-go/spdm/pkg/requester/connection.go:72.2,74.42 3 1
github.com/xaionaro-go/spdm/pkg/requester/connection.go:74.42,77.31 3 1
github.com/xaionaro-go/spdm/pkg/requester/connection.go:77.31,80.4 2 1
github.com/xaionaro-go/spdm/pkg/requester/connection.go:82.2,82.12 1 1
github.com/xaionaro-go/spdm/pkg/requester/connection.go:82.12,84.3 1 0
github.com/xaionaro-go/spdm/pkg/requester/connection.go:86.2,89.12 4 1
github.com/xaionaro-go/spdm/pkg/requester/connection.go:93.64,99.67 3 1
github.com/xaionaro-go/spdm/pkg/requester/connection.go:99.67,101.3 1 0
github.com/xaionaro-go/spdm/pkg/requester/connection.go:103.2,115.16 3 1
github.com/xaionaro-go/spdm/pkg/requester/connection.go:115.16,117.3 1 0
github.com/xaionaro-go/spdm/pkg/requester/connection.go:119.2,120.43 2 1
github.com/xaionaro-go/spdm/pkg/requester/connection.go:120.43,122.3 1 0
github.com/xaionaro-go/spdm/pkg/requester/connection.go:124.2,127.68 2 1
github.com/xaionaro-go/spdm/pkg/requester/connection.go:127.68,129.3 1 0
github.com/xaionaro-go/spdm/pkg/requester/connection.go:131.2,133.12 3 1
github.com/xaionaro-go/spdm/pkg/requester/connection.go:137.68,142.26 3 1
github.com/xaionaro-go/spdm/pkg/requester/connection.go:142.26,148.3 1 1
github.com/xaionaro-go/spdm/pkg/requester/connection.go:149.2,149.27 1 1
github.com/xaionaro-go/spdm/pkg/requester/connection.go:149.27,155.3 1 1
github.com/xaionaro-go/spdm/pkg/requester/connection.go:157.2,157.59 1 1
github.com/xaionaro-go/spdm/pkg/requester/connection.go:157.59,163.3 1 0
github.com/xaionaro-go/spdm/pkg/requester/connection.go:165.2,165.30 1 1
github.com/xaionaro-go/spdm/pkg/requester/connection.go:165.30,171.3 1 1
github.com/xaionaro-go/spdm/pkg/requester/connection.go:173.2,187.16 3 1
github.com/xaionaro-go/spdm/pkg/requester/connection.go:187.16,189.3 1 0
github.com/xaionaro-go/spdm/pkg/requester/connection.go:191.2,192.43 2 1
github.com/xaionaro-go/spdm/pkg/requester/connection.go:192.43,194.3 1 0
github.com/xaionaro-go/spdm/pkg/requester/connection.go:196.2,197.14 2 1
github.com/xaionaro-go/spdm/pkg/requester/connection.go:197.14,199.3 1 0
github.com/xaionaro-go/spdm/pkg/requester/connection.go:202.2,202.34 1 1
github.com/xaionaro-go/spdm/pkg/requester/connection.go:202.34,205.3 1 0
github.com/xaionaro-go/spdm/pkg/requester/connection.go:206.2,206.57 1 1
github.com/xaionaro-go/spdm/pkg/requester/connection.go:206.57,209.3 1 0
github.com/xaionaro-go/spdm/pkg/requester/connection.go:212.2,212.65 1 1
github.com/xaionaro-go/spdm/pkg/requester/connection.go:212.65,215.3 1 0
github.com/xaionaro-go/spdm/pkg/requester/connection.go:216.2,216.88 1 1
github.com/xaionaro-go/spdm/pkg/requester/connection.go:216.88,219.3 1 0
github.com/xaionaro-go/spdm/pkg/requester/connection.go:221.2,229.34 5 1
github.com/xaionaro-go/spdm/pkg/requester/connection.go:229.34,230.20 1 1
github.com/xaionaro-go/spdm/pkg/requester/connection.go:231.24,232.56 1 1
github.com/xaionaro-go/spdm/pkg/requester/connection.go:233.25,234.59 1 1
github.com/xaionaro-go/spdm/pkg/requester/connection.go:238.2,241.12 3 1
github.com/xaionaro-go/spdm/pkg/requester/connection.go:245.33,247.2 1 1
github.com/xaionaro-go/spdm/pkg/requester/csr.go:15.99,29.16 5 0
github.com/xaionaro-go/spdm/pkg/requester/csr.go:29.16,31.3 1 0
github.com/xaionaro-go/spdm/pkg/requester/csr.go:33.2,33.41 1 0
github.com/xaionaro-go/spdm/pkg/requester/csr.go:33.41,35.3 1 0
github.com/xaionaro-go/spdm/pkg/requester/csr.go:37.2,38.43 2 0
github.com/xaionaro-go/spdm/pkg/requester/csr.go:38.43,40.3 1 0
github.com/xaionaro-go/spdm/pkg/requester/csr.go:42.2,43.20 2 0
github.com/xaionaro-go/spdm/pkg/requester/encapsulation.go:16.108,28.16 5 0
github.com/xaionaro-go/spdm/pkg/requester/encapsulation.go:28.16,30.3 1 0
github.com/xaionaro-go/spdm/pkg/requester/encapsulation.go:32.2,32.57 1 0
github.com/xaionaro-go/spdm/pkg/requester/encapsulation.go:32.57,34.3 1 0
github.com/xaionaro-go/spdm/pkg/requester/encapsulation.go:36.2,37.43 2 0
github.com/xaionaro-go/spdm/pkg/requester/encapsulation.go:37.43,39.3 1 0
github.com/xaionaro-go/spdm/pkg/requester/encapsulation.go:41.2,42.17 2 0
github.com/xaionaro-go/spdm/pkg/requester/encapsulation.go:51.42,65.16 5 0
github.com/xaionaro-go/spdm/pkg/requester/encapsulation.go:65.16,67.3 1 0
github.com/xaionaro-go/spdm/pkg/requester/encapsulation.go:69.2,69.61 1 0
github.com/xaionaro-go/spdm/pkg/requester/encapsulation.go:69.61,71.3 1 0
github.com/xaionaro-go/spdm/pkg/requester/encapsulation.go:73.2,74.44 2 0
github.com/xaionaro-go/spdm/pkg/requester/encapsulation.go:74.44,76.3 1 0
github.com/xaionaro-go/spdm/pkg/requester/encapsulation.go:78.2,79.18 2 0
github.com/xaionaro-go/spdm/pkg/requester/endpoint_info.go:16.89,29.16 5 0
github.com/xaionaro-go/spdm/pkg/requester/endpoint_info.go:29.16,31.3 1 0
github.com/xaionaro-go/spdm/pkg/requester/endpoint_info.go:33.2,33.50 1 0
github.com/xaionaro-go/spdm/pkg/requester/endpoint_info.go:33.50,35.3 1 0
github.com/xaionaro-go/spdm/pkg/requester/endpoint_info.go:37.2,38.44 2 0
github.com/xaionaro-go/spdm/pkg/requester/endpoint_info.go:38.44,40.3 1 0
github.com/xaionaro-go/spdm/pkg/requester/endpoint_info.go:42.2,43.30 2 0
github.com/xaionaro-go/spdm/pkg/requester/event.go:18.32,20.15 2 0
github.com/xaionaro-go/spdm/pkg/requester/event.go:20.15,20.74 1 0
github.com/xaionaro-go/spdm/pkg/requester/event.go:22.2,31.16 4 0
github.com/xaionaro-go/spdm/pkg/requester/event.go:31.16,33.3 1 0
github.com/xaionaro-go/spdm/pkg/requester/event.go:35.2,35.57 1 0
github.com/xaionaro-go/spdm/pkg/requester/event.go:35.57,37.3 1 0
github.com/xaionaro-go/spdm/pkg/requester/event.go:39.2,40.45 2 0
github.com/xaionaro-go/spdm/pkg/requester/event.go:40.45,42.3 1 0
github.com/xaionaro-go/spdm/pkg/requester/event.go:44.2,45.33 2 0
github.com/xaionaro-go/spdm/pkg/requester/event.go:53.16,55.15 2 0
github.com/xaionaro-go/spdm/pkg/requester/event.go:55.15,55.71 1 0
github.com/xaionaro-go/spdm/pkg/requester/event.go:57.2,67.16 4 0
github.com/xaionaro-go/spdm/pkg/requester/event.go:67.16,69.3 1 0
github.com/xaionaro-go/spdm/pkg/requester/event.go:71.2,71.60 1 0
github.com/xaionaro-go/spdm/pkg/requester/event.go:71.60,73.3 1 0
github.com/xaionaro-go/spdm/pkg/requester/event.go:75.2,75.12 1 0
github.com/xaionaro-go/spdm/pkg/requester/event.go:83.16,85.15 2 0
github.com/xaionaro-go/spdm/pkg/requester/event.go:85.15,85.61 1 0
github.com/xaionaro-go/spdm/pkg/requester/event.go:87.2,97.16 4 0
github.com/xaionaro-go/spdm/pkg/requester/event.go:97.16,99.3 1 0
github.com/xaionaro-go/spdm/pkg/requester/event.go:101.2,101.46 1 0
github.com/xaionaro-go/spdm/pkg/requester/event.go:101.46,103.3 1 0
github.com/xaionaro-go/spdm/pkg/requester/event.go:105.2,105.12 1 0
github.com/xaionaro-go/spdm/pkg/requester/measurement_ext.go:15.139,29.16 5 0
github.com/xaionaro-go/spdm/pkg/requester/measurement_ext.go:29.16,31.3 1 0
github.com/xaionaro-go/spdm/pkg/requester/measurement_ext.go:33.2,33.61 1 0
github.com/xaionaro-go/spdm/pkg/requester/measurement_ext.go:33.61,35.3 1 0
github.com/xaionaro-go/spdm/pkg/requester/measurement_ext.go:37.2,38.43 2 0
github.com/xaionaro-go/spdm/pkg/requester/measurement_ext.go:38.43,40.3 1 0
github.com/xaionaro-go/spdm/pkg/requester/measurement_ext.go:42.2,43.17 2 0
github.com/xaionaro-go/spdm/pkg/requester/measurements.go:18.140,20.15 2 1
github.com/xaionaro-go/spdm/pkg/requester/measurements.go:20.15,20.88 1 1
github.com/xaionaro-go/spdm/pkg/requester/measurements.go:21.2,24.22 3 1
github.com/xaionaro-go/spdm/pkg/requester/measurements.go:24.22,26.3 1 1
github.com/xaionaro-go/spdm/pkg/requester/measurements.go:28.2,37.22 2 1
github.com/xaionaro-go/spdm/pkg/requester/measurements.go:37.22,38.52 1 1
github.com/xaionaro-go/spdm/pkg/requester/measurements.go:38.52,40.4 1 0
github.com/xaionaro-go/spdm/pkg/requester/measurements.go:43.2,44.16 2 1
github.com/xaionaro-go/spdm/pkg/requester/measurements.go:44.16,46.3 1 0
github.com/xaionaro-go/spdm/pkg/requester/measurements.go:48.2,49.16 2 1
github.com/xaionaro-go/spdm/pkg/requester/measurements.go:49.16,51.3 1 0
github.com/xaionaro-go/spdm/pkg/requester/measurements.go:53.2,54.43 2 1
github.com/xaionaro-go/spdm/pkg/requester/measurements.go:54.43,56.3 1 0
github.com/xaionaro-go/spdm/pkg/requester/measurements.go:61.2,62.22 2 1
github.com/xaionaro-go/spdm/pkg/requester/measurements.go:62.22,64.41 2 1
github.com/xaionaro-go/spdm/pkg/requester/measurements.go:64.41,68.4 3 1
github.com/xaionaro-go/spdm/pkg/requester/measurements.go:72.2,76.82 3 1
github.com/xaionaro-go/spdm/pkg/requester/measurements.go:76.82,77.65 1 0
github.com/xaionaro-go/spdm/pkg/requester/measurements.go:77.65,81.4 2 0
github.com/xaionaro-go/spdm/pkg/requester/measurements.go:84.3,84.25 1 0
github.com/xaionaro-go/spdm/pkg/requester/measurements.go:87.2,87.17 1 1
github.com/xaionaro-go/spdm/pkg/requester/measurements.go:95.9,97.16 2 0
github.com/xaionaro-go/spdm/pkg/requester/measurements.go:97.16,99.3 1 0
github.com/xaionaro-go/spdm/pkg/requester/measurements.go:102.2,114.109 8 0
github.com/xaionaro-go/spdm/pkg/requester/measurements.go:114.109,116.3 1 0
github.com/xaionaro-go/spdm/pkg/requester/measurements.go:118.2,119.12 2 0
github.com/xaionaro-go/spdm/pkg/requester/provisioning.go:15.95,29.16 5 0
github.com/xaionaro-go/spdm/pkg/requester/provisioning.go:29.16,31.3 1 0
github.com/xaionaro-go/spdm/pkg/requester/provisioning.go:33.2,33.55 1 0
github.com/xaionaro-go/spdm/pkg/requester/provisioning.go:33.55,35.3 1 0
github.com/xaionaro-go/spdm/pkg/requester/provisioning.go:37.2,38.12 2 0
github.com/xaionaro-go/spdm/pkg/requester/provisioning.go:50.9,68.16 5 0
github.com/xaionaro-go/spdm/pkg/requester/provisioning.go:68.16,70.3 1 0
github.com/xaionaro-go/spdm/pkg/requester/provisioning.go:72.2,72.55 1 0
github.com/xaionaro-go/spdm/pkg/requester/provisioning.go:72.55,74.3 1 0
github.com/xaionaro-go/spdm/pkg/requester/provisioning.go:76.2,77.12 2 0
github.com/xaionaro-go/spdm/pkg/requester/provisioning.go:81.109,94.16 5 0
github.com/xaionaro-go/spdm/pkg/requester/provisioning.go:94.16,96.3 1 0
github.com/xaionaro-go/spdm/pkg/requester/provisioning.go:98.2,98.49 1 0
github.com/xaionaro-go/spdm/pkg/requester/provisioning.go:98.49,100.3 1 0
github.com/xaionaro-go/spdm/pkg/requester/provisioning.go:102.2,103.44 2 0
github.com/xaionaro-go/spdm/pkg/requester/provisioning.go:103.44,105.3 1 0
github.com/xaionaro-go/spdm/pkg/requester/provisioning.go:107.2,108.18 2 0
github.com/xaionaro-go/spdm/pkg/requester/psk.go:21.106,23.15 2 0
github.com/xaionaro-go/spdm/pkg/requester/psk.go:23.15,23.85 1 0
github.com/xaionaro-go/spdm/pkg/requester/psk.go:25.2,25.30 1 0
github.com/xaionaro-go/spdm/pkg/requester/psk.go:25.30,27.3 1 0
github.com/xaionaro-go/spdm/pkg/requester/psk.go:29.2,30.16 2 0
github.com/xaionaro-go/spdm/pkg/requester/psk.go:30.16,32.3 1 0
github.com/xaionaro-go/spdm/pkg/requester/psk.go:34.2,35.30 2 0
github.com/xaionaro-go/spdm/pkg/requester/psk.go:35.30,35.75 1 0
github.com/xaionaro-go/spdm/pkg/requester/psk.go:36.2,40.49 3 0
github.com/xaionaro-go/spdm/pkg/requester/psk.go:40.49,42.3 1 0
github.com/xaionaro-go/spdm/pkg/requester/psk.go:44.2,45.57 2 0
github.com/xaionaro-go/spdm/pkg/requester/psk.go:45.57,47.3 1 0
github.com/xaionaro-go/spdm/pkg/requester/psk.go:48.2,67.16 5 0
github.com/xaionaro-go/spdm/pkg/requester/psk.go:67.16,69.3 1 0
github.com/xaionaro-go/spdm/pkg/requester/psk.go:71.2,72.16 2 0
github.com/xaionaro-go/spdm/pkg/requester/psk.go:72.16,74.3 1 0
github.com/xaionaro-go/spdm/pkg/requester/psk.go:77.2,78.59 2 0
github.com/xaionaro-go/spdm/pkg/requester/psk.go:78.59,80.3 1 0
github.com/xaionaro-go/spdm/pkg/requester/psk.go:82.2,83.81 2 0
github.com/xaionaro-go/spdm/pkg/requester/psk.go:83.81,85.3 1 0
github.com/xaionaro-go/spdm/pkg/requester/psk.go:88.2,92.16 3 0
github.com/xaionaro-go/spdm/pkg/requester/psk.go:92.16,94.3 1 0
github.com/xaionaro-go/spdm/pkg/requester/psk.go:98.2,107.16 8 0
github.com/xaionaro-go/spdm/pkg/requester/psk.go:107.16,109.3 1 0
github.com/xaionaro-go/spdm/pkg/requester/psk.go:112.2,114.71 2 0
github.com/xaionaro-go/spdm/pkg/requester/psk.go:114.71,116.3 1 0
github.com/xaionaro-go/spdm/pkg/requester/psk.go:119.2,156.16 16 0
github.com/xaionaro-go/spdm/pkg/requester/psk.go:156.16,158.3 1 0
github.com/xaionaro-go/spdm/pkg/requester/psk.go:160.2,161.49 2 0
github.com/xaionaro-go/spdm/pkg/requester/psk.go:161.49,163.3 1 0
github.com/xaionaro-go/spdm/pkg/requester/psk.go:166.2,167.16 2 0
github.com/xaionaro-go/spdm/pkg/requester/psk.go:167.16,169.3 1 0
github.com/xaionaro-go/spdm/pkg/requester/psk.go:170.2,183.16 11 0
github.com/xaionaro-go/spdm/pkg/requester/psk.go:183.16,185.3 1 0
github.com/xaionaro-go/spdm/pkg/requester/psk.go:186.2,191.18 5 0
github.com/xaionaro-go/spdm/pkg/requester/requester.go:78.33,79.31 1 1
github.com/xaionaro-go/spdm/pkg/requester/requester.go:79.31,81.3 1 0
github.com/xaionaro-go/spdm/pkg/requester/requester.go:82.2,82.29 1 1
github.com/xaionaro-go/spdm/pkg/requester/requester.go:82.29,84.3 1 0
github.com/xaionaro-go/spdm/pkg/requester/requester.go:85.2,88.3 1 1
github.com/xaionaro-go/spdm/pkg/requester/requester.go:92.53,92.70 1 0
github.com/xaionaro-go/spdm/pkg/requester/requester.go:95.45,95.63 1 0
github.com/xaionaro-go/spdm/pkg/requester/requester.go:99.95,101.16 2 1
github.com/xaionaro-go/spdm/pkg/requester/requester.go:101.16,103.3 1 0
github.com/xaionaro-go/spdm/pkg/requester/requester.go:105.2,107.68 2 1
github.com/xaionaro-go/spdm/pkg/requester/requester.go:107.68,109.3 1 0
github.com/xaionaro-go/spdm/pkg/requester/requester.go:111.2,112.16 2 1
github.com/xaionaro-go/spdm/pkg/requester/requester.go:112.16,114.3 1 0
github.com/xaionaro-go/spdm/pkg/requester/requester.go:116.2,118.30 2 1
github.com/xaionaro-go/spdm/pkg/requester/requester.go:122.64,123.33 1 1
github.com/xaionaro-go/spdm/pkg/requester/requester.go:123.33,125.3 1 0
github.com/xaionaro-go/spdm/pkg/requester/requester.go:126.2,126.43 1 1
github.com/xaionaro-go/spdm/pkg/requester/requester.go:126.43,128.49 2 0
github.com/xaionaro-go/spdm/pkg/requester/requester.go:128.49,130.4 1 0
github.com/xaionaro-go/spdm/pkg/requester/requester.go:131.3,135.4 1 0
github.com/xaionaro-go/spdm/pkg/requester/requester.go:137.2,137.18 1 1
github.com/xaionaro-go/spdm/pkg/requester/requester.go:141.48,142.26 1 0
github.com/xaionaro-go/spdm/pkg/requester/requester.go:142.26,142.71 1 0
github.com/xaionaro-go/spdm/pkg/requester/requester.go:146.87,148.9 2 0
github.com/xaionaro-go/spdm/pkg/requester/requester.go:148.9,150.3 1 0
github.com/xaionaro-go/spdm/pkg/requester/requester.go:151.2,151.44 1 0
github.com/xaionaro-go/spdm/pkg/requester/requester.go:151.44,153.3 1 0
github.com/xaionaro-go/spdm/pkg/requester/requester.go:154.2,154.18 1 0
github.com/xaionaro-go/spdm/pkg/requester/requester.go:159.118,161.16 2 0
github.com/xaionaro-go/spdm/pkg/requester/requester.go:161.16,163.3 1 0
github.com/xaionaro-go/spdm/pkg/requester/requester.go:165.2,176.16 3 0
github.com/xaionaro-go/spdm/pkg/requester/requester.go:176.16,178.3 1 0
github.com/xaionaro-go/spdm/pkg/requester/requester.go:180.2,182.72 2 0
github.com/xaionaro-go/spdm/pkg/requester/requester.go:182.72,184.3 1 0
github.com/xaionaro-go/spdm/pkg/requester/requester.go:186.2,187.16 2 0
github.com/xaionaro-go/spdm/pkg/requester/requester.go:187.16,189.3 1 0
github.com/xaionaro-go/spdm/pkg/requester/requester.go:191.2,192.16 2 0
github.com/xaionaro-go/spdm/pkg/requester/requester.go:192.16,194.3 1 0
github.com/xaionaro-go/spdm/pkg/requester/requester.go:196.2,205.16 2 0
github.com/xaionaro-go/spdm/pkg/requester/requester.go:205.16,207.3 1 0
github.com/xaionaro-go/spdm/pkg/requester/requester.go:209.2,211.35 2 0
github.com/xaionaro-go/spdm/pkg/requester/requester.go:215.98,217.16 2 1
github.com/xaionaro-go/spdm/pkg/requester/requester.go:217.16,219.3 1 0
github.com/xaionaro-go/spdm/pkg/requester/requester.go:220.2,221.16 2 1
github.com/xaionaro-go/spdm/pkg/requester/requester.go:221.16,223.3 1 0
github.com/xaionaro-go/spdm/pkg/requester/requester.go:224.2,226.18 3 1
github.com/xaionaro-go/spdm/pkg/requester/respond_if_ready.go:22.19,36.16 5 0
github.com/xaionaro-go/spdm/pkg/requester/respond_if_ready.go:36.16,38.3 1 0
github.com/xaionaro-go/spdm/pkg/requester/respond_if_ready.go:40.2,41.18 2 0
github.com/xaionaro-go/spdm/pkg/requester/session.go:21.120,23.15 2 1
github.com/xaionaro-go/spdm/pkg/requester/session.go:23.15,23.85 1 1
github.com/xaionaro-go/spdm/pkg/requester/session.go:24.2,28.16 3 1
github.com/xaionaro-go/spdm/pkg/requester/session.go:28.16,30.3 1 0
github.com/xaionaro-go/spdm/pkg/requester/session.go:33.2,34.52 2 1
github.com/xaionaro-go/spdm/pkg/requester/session.go:34.52,36.3 1 0
github.com/xaionaro-go/spdm/pkg/requester/session.go:38.2,39.57 2 1
github.com/xaionaro-go/spdm/pkg/requester/session.go:39.57,41.3 1 0
github.com/xaionaro-go/spdm/pkg/requester/session.go:42.2,61.16 5 1
github.com/xaionaro-go/spdm/pkg/requester/session.go:61.16,63.3 1 0
github.com/xaionaro-go/spdm/pkg/requester/session.go:65.2,66.16 2 1
github.com/xaionaro-go/spdm/pkg/requester/session.go:66.16,68.3 1 0
github.com/xaionaro-go/spdm/pkg/requester/session.go:71.2,73.54 3 1
github.com/xaionaro-go/spdm/pkg/requester/session.go:73.54,75.3 1 0
github.com/xaionaro-go/spdm/pkg/requester/session.go:78.2,79.23 2 1
github.com/xaionaro-go/spdm/pkg/requester/session.go:79.23,81.3 1 0
github.com/xaionaro-go/spdm/pkg/requester/session.go:82.2,87.41 5 1
github.com/xaionaro-go/spdm/pkg/requester/session.go:87.41,89.3 1 0
github.com/xaionaro-go/spdm/pkg/requester/session.go:90.2,93.29 3 1
github.com/xaionaro-go/spdm/pkg/requester/session.go:93.29,95.3 1 0
github.com/xaionaro-go/spdm/pkg/requester/session.go:96.2,102.47 5 1
github.com/xaionaro-go/spdm/pkg/requester/session.go:102.47,104.3 1 1
github.com/xaionaro-go/spdm/pkg/requester/session.go:105.2,105.22 1 1
github.com/xaionaro-go/spdm/pkg/requester/session.go:105.22,106.35 1 1
github.com/xaionaro-go/spdm/pkg/requester/session.go:106.35,108.4 1 0
github.com/xaionaro-go/spdm/pkg/requester/session.go:109.3,111.22 3 1
github.com/xaionaro-go/spdm/pkg/requester/session.go:115.2,115.23 1 1
github.com/xaionaro-go/spdm/pkg/requester/session.go:115.23,117.3 1 0
github.com/xaionaro-go/spdm/pkg/requester/session.go:118.2,120.31 3 1
github.com/xaionaro-go/spdm/pkg/requester/session.go:120.31,122.3 1 0
github.com/xaionaro-go/spdm/pkg/requester/session.go:123.2,129.29 5 1
github.com/xaionaro-go/spdm/pkg/requester/session.go:129.29,131.3 1 0
github.com/xaionaro-go/spdm/pkg/requester/session.go:132.2,138.31 5 1
github.com/xaionaro-go/spdm/pkg/requester/session.go:138.31,141.3 2 0
github.com/xaionaro-go/spdm/pkg/requester/session.go:144.2,145.16 2 1
github.com/xaionaro-go/spdm/pkg/requester/session.go:145.16,147.3 1 0
github.com/xaionaro-go/spdm/pkg/requester/session.go:150.2,150.30 1 1
github.com/xaionaro-go/spdm/pkg/requester/session.go:150.30,150.75 1 1
github.com/xaionaro-go/spdm/pkg/requester/session.go:153.2,166.30 9 1
github.com/xaionaro-go/spdm/pkg/requester/session.go:166.30,168.3 1 1
github.com/xaionaro-go/spdm/pkg/requester/session.go:169.2,174.16 4 1
github.com/xaionaro-go/spdm/pkg/requester/session.go:174.16,176.3 1 0
github.com/xaionaro-go/spdm/pkg/requester/session.go:178.2,179.16 2 1
github.com/xaionaro-go/spdm/pkg/requester/session.go:179.16,181.3 1 0
github.com/xaionaro-go/spdm/pkg/requester/session.go:184.2,227.16 17 1
github.com/xaionaro-go/spdm/pkg/requester/session.go:227.16,229.3 1 0
github.com/xaionaro-go/spdm/pkg/requester/session.go:231.2,232.49 2 1
github.com/xaionaro-go/spdm/pkg/requester/session.go:232.49,234.3 1 0
github.com/xaionaro-go/spdm/pkg/requester/session.go:237.2,238.16 2 1
github.com/xaionaro-go/spdm/pkg/requester/session.go:238.16,240.3 1 0
github.com/xaionaro-go/spdm/pkg/requester/session.go:241.2,257.16 12 1
github.com/xaionaro-go/spdm/pkg/requester/session.go:257.16,259.3 1 0
github.com/xaionaro-go/spdm/pkg/requester/session.go:260.2,264.18 4 1
github.com/xaionaro-go/spdm/pkg/requester/session.go:276.42,312.35 11 1
github.com/xaionaro-go/spdm/pkg/requester/session.go:312.35,314.3 1 1
github.com/xaionaro-go/spdm/pkg/requester/session.go:315.2,315.12 1 1
github.com/xaionaro-go/spdm/pkg/requester/session_ops.go:17.87,21.16 3 0
github.com/xaionaro-go/spdm/pkg/requester/session_ops.go:21.16,23.3 1 0
github.com/xaionaro-go/spdm/pkg/requester/session_ops.go:25.2,34.16 4 0
github.com/xaionaro-go/spdm/pkg/requester/session_ops.go:34.16,36.3 1 0
github.com/xaionaro-go/spdm/pkg/requester/session_ops.go:38.2,39.16 2 0
github.com/xaionaro-go/spdm/pkg/requester/session_ops.go:39.16,41.3 1 0
github.com/xaionaro-go/spdm/pkg/requester/session_ops.go:43.2,43.50 1 0
github.com/xaionaro-go/spdm/pkg/requester/session_ops.go:43.50,45.3 1 0
github.com/xaionaro-go/spdm/pkg/requester/session_ops.go:47.2,48.12 2 0
github.com/xaionaro-go/spdm/pkg/requester/session_ops.go:58.104,61.87 2 0
github.com/xaionaro-go/spdm/pkg/requester/session_ops.go:61.87,63.3 1 0
github.com/xaionaro-go/spdm/pkg/requester/session_ops.go:65.2,66.16 2 0
github.com/xaionaro-go/spdm/pkg/requester/session_ops.go:66.16,68.3 1 0
github.com/xaionaro-go/spdm/pkg/requester/session_ops.go:74.2,75.56 2 0
github.com/xaionaro-go/spdm/pkg/requester/session_ops.go:75.56,77.3 1 0
github.com/xaionaro-go/spdm/pkg/requester/session_ops.go:79.2,90.16 4 0
github.com/xaionaro-go/spdm/pkg/requester/session_ops.go:90.16,92.3 1 0
github.com/xaionaro-go/spdm/pkg/requester/session_ops.go:94.2,95.16 2 0
github.com/xaionaro-go/spdm/pkg/requester/session_ops.go:95.16,97.3 1 0
github.com/xaionaro-go/spdm/pkg/requester/session_ops.go:99.2,99.50 1 0
github.com/xaionaro-go/spdm/pkg/requester/session_ops.go:99.50,101.3 1 0
github.com/xaionaro-go/spdm/pkg/requester/session_ops.go:104.2,104.48 1 0
github.com/xaionaro-go/spdm/pkg/requester/session_ops.go:104.48,105.58 1 0
github.com/xaionaro-go/spdm/pkg/requester/session_ops.go:105.58,107.4 1 0
github.com/xaionaro-go/spdm/pkg/requester/session_ops.go:110.2,111.12 2 0
github.com/xaionaro-go/spdm/pkg/requester/session_ops.go:117.88,121.16 3 0
github.com/xaionaro-go/spdm/pkg/requester/session_ops.go:121.16,123.3 1 0
github.com/xaionaro-go/spdm/pkg/requester/session_ops.go:125.2,134.16 4 0
github.com/xaionaro-go/spdm/pkg/requester/session_ops.go:134.16,136.3 1 0
github.com/xaionaro-go/spdm/pkg/requester/session_ops.go:138.2,139.16 2 0
github.com/xaionaro-go/spdm/pkg/requester/session_ops.go:139.16,141.3 1 0
github.com/xaionaro-go/spdm/pkg/requester/session_ops.go:143.2,143.51 1 0
github.com/xaionaro-go/spdm/pkg/requester/session_ops.go:143.51,145.3 1 0
github.com/xaionaro-go/spdm/pkg/requester/session_ops.go:147.2,151.12 4 0
github.com/xaionaro-go/spdm/pkg/requester/vendor.go:16.145,31.16 5 0
github.com/xaionaro-go/spdm/pkg/requester/vendor.go:31.16,33.3 1 0
github.com/xaionaro-go/spdm/pkg/requester/vendor.go:35.2,35.51 1 0
github.com/xaionaro-go/spdm/pkg/requester/vendor.go:35.51,37.3 1 0
github.com/xaionaro-go/spdm/pkg/requester/vendor.go:39.2,40.43 2 0
github.com/xaionaro-go/spdm/pkg/requester/vendor.go:40.43,42.3 1 0
github.com/xaionaro-go/spdm/pkg/requester/vendor.go:44.2,45.17 2 0
github.com/xaionaro-go/spdm/pkg/responder/algorithms.go:14.100,16.47 2 1
github.com/xaionaro-go/spdm/pkg/responder/algorithms.go:16.47,18.3 1 0
github.com/xaionaro-go/spdm/pkg/responder/algorithms.go:21.2,24.34 3 1
github.com/xaionaro-go/spdm/pkg/responder/algorithms.go:24.34,26.3 1 0
github.com/xaionaro-go/spdm/pkg/responder/algorithms.go:28.2,33.35 4 1
github.com/xaionaro-go/spdm/pkg/responder/algorithms.go:33.35,34.20 1 1
github.com/xaionaro-go/spdm/pkg/responder/algorithms.go:35.24,42.6 3 1
github.com/xaionaro-go/spdm/pkg/responder/algorithms.go:43.25,50.6 3 1
github.com/xaionaro-go/spdm/pkg/responder/algorithms.go:51.32,58.6 2 1
github.com/xaionaro-go/spdm/pkg/responder/algorithms.go:59.32,65.6 2 1
github.com/xaionaro-go/spdm/pkg/responder/algorithms.go:66.11,72.6 1 0
github.com/xaionaro-go/spdm/pkg/responder/algorithms.go:76.2,85.38 5 1
github.com/xaionaro-go/spdm/pkg/responder/algorithms.go:85.38,87.3 1 1
github.com/xaionaro-go/spdm/pkg/responder/algorithms.go:90.2,90.30 1 1
github.com/xaionaro-go/spdm/pkg/responder/algorithms.go:90.30,92.3 1 0
github.com/xaionaro-go/spdm/pkg/responder/algorithms.go:94.2,108.16 3 1
github.com/xaionaro-go/spdm/pkg/responder/algorithms.go:108.16,110.3 1 0
github.com/xaionaro-go/spdm/pkg/responder/algorithms.go:112.2,119.18 6 1
github.com/xaionaro-go/spdm/pkg/responder/algorithms.go:124.53,125.11 1 1
github.com/xaionaro-go/spdm/pkg/responder/algorithms.go:126.23,127.37 1 1
github.com/xaionaro-go/spdm/pkg/responder/algorithms.go:128.23,129.37 1 1
github.com/xaionaro-go/spdm/pkg/responder/algorithms.go:130.23,131.37 1 0
github.com/xaionaro-go/spdm/pkg/responder/algorithms.go:132.25,133.39 1 0
github.com/xaionaro-go/spdm/pkg/responder/algorithms.go:134.25,135.39 1 0
github.com/xaionaro-go/spdm/pkg/responder/algorithms.go:136.25,137.39 1 0
github.com/xaionaro-go/spdm/pkg/responder/algorithms.go:138.24,139.38 1 0
github.com/xaionaro-go/spdm/pkg/responder/algorithms.go:140.10,141.43 1 0
github.com/xaionaro-go/spdm/pkg/responder/capabilities.go:14.96,16.47 2 1
github.com/xaionaro-go/spdm/pkg/responder/capabilities.go:16.47,18.3 1 0
github.com/xaionaro-go/spdm/pkg/responder/capabilities.go:21.2,21.60 1 1
github.com/xaionaro-go/spdm/pkg/responder/capabilities.go:21.60,23.3 1 0
github.com/xaionaro-go/spdm/pkg/responder/capabilities.go:27.2,27.23 1 1
github.com/xaionaro-go/spdm/pkg/responder/capabilities.go:27.23,28.35 1 0
github.com/xaionaro-go/spdm/pkg/responder/capabilities.go:28.35,30.4 1 0
github.com/xaionaro-go/spdm/pkg/responder/capabilities.go:35.2,35.47 1 1
github.com/xaionaro-go/spdm/pkg/responder/capabilities.go:35.47,37.3 1 1
github.com/xaionaro-go/spdm/pkg/responder/capabilities.go:39.2,54.16 6 1
github.com/xaionaro-go/spdm/pkg/responder/capabilities.go:54.16,56.3 1 0
github.com/xaionaro-go/spdm/pkg/responder/capabilities.go:58.2,61.18 4 1
github.com/xaionaro-go/spdm/pkg/responder/capabilities.go:65.49,70.2 1 0
github.com/xaionaro-go/spdm/pkg/responder/certificate.go:13.95,14.19 1 1
github.com/xaionaro-go/spdm/pkg/responder/certificate.go:14.19,16.3 1 0
github.com/xaionaro-go/spdm/pkg/responder/certificate.go:17.2,17.31 1 1
github.com/xaionaro-go/spdm/pkg/responder/certificate.go:17.31,19.3 1 0
github.com/xaionaro-go/spdm/pkg/responder/certificate.go:21.2,22.47 2 1
github.com/xaionaro-go/spdm/pkg/responder/certificate.go:22.47,24.3 1 0
github.com/xaionaro-go/spdm/pkg/responder/certificate.go:26.2,28.16 3 1
github.com/xaionaro-go/spdm/pkg/responder/certificate.go:28.16,30.3 1 0
github.com/xaionaro-go/spdm/pkg/responder/certificate.go:32.2,35.26 3 1
github.com/xaionaro-go/spdm/pkg/responder/certificate.go:35.26,37.3 1 0
github.com/xaionaro-go/spdm/pkg/responder/certificate.go:39.2,40.22 2 1
github.com/xaionaro-go/spdm/pkg/responder/certificate.go:40.22,42.3 1 1
github.com/xaionaro-go/spdm/pkg/responder/certificate.go:44.2,58.16 5 1
github.com/xaionaro-go/spdm/pkg/responder/certificate.go:58.16,60.3 1 0
github.com/xaionaro-go/spdm/pkg/responder/certificate.go:62.2,66.18 4 1
github.com/xaionaro-go/spdm/pkg/responder/challenge.go:17.90,18.19 1 1
github.com/xaionaro-go/spdm/pkg/responder/challenge.go:18.19,20.3 1 0
github.com/xaionaro-go/spdm/pkg/responder/challenge.go:22.2,23.47 2 1
github.com/xaionaro-go/spdm/pkg/responder/challenge.go:23.47,25.3 1 0
github.com/xaionaro-go/spdm/pkg/responder/challenge.go:27.2,31.31 3 1
github.com/xaionaro-go/spdm/pkg/responder/challenge.go:31.31,33.17 2 1
github.com/xaionaro-go/spdm/pkg/responder/challenge.go:33.17,35.4 1 1
github.com/xaionaro-go/spdm/pkg/responder/challenge.go:37.2,37.26 1 1
github.com/xaionaro-go/spdm/pkg/responder/challenge.go:37.26,39.3 1 0
github.com/xaionaro-go/spdm/pkg/responder/challenge.go:42.2,43.16 2 1
github.com/xaionaro-go/spdm/pkg/responder/challenge.go:43.16,45.3 1 0
github.com/xaionaro-go/spdm/pkg/responder/challenge.go:48.2,50.47 3 1
github.com/xaionaro-go/spdm/pkg/responder/challenge.go:50.47,51.32 1 1
github.com/xaionaro-go/spdm/pkg/responder/challenge.go:51.32,54.18 3 1
github.com/xaionaro-go/spdm/pkg/responder/challenge.go:54.18,56.5 1 0
github.com/xaionaro-go/spdm/pkg/responder/challenge.go:57.9,59.4 1 1
github.com/xaionaro-go/spdm/pkg/responder/challenge.go:62.2,77.31 4 1
github.com/xaionaro-go/spdm/pkg/responder/challenge.go:77.31,81.17 3 1
github.com/xaionaro-go/spdm/pkg/responder/challenge.go:81.17,83.4 1 0
github.com/xaionaro-go/spdm/pkg/responder/challenge.go:91.3,103.26 7 1
github.com/xaionaro-go/spdm/pkg/responder/challenge.go:103.26,105.4 1 1
github.com/xaionaro-go/spdm/pkg/responder/challenge.go:107.3,125.17 14 1
github.com/xaionaro-go/spdm/pkg/responder/challenge.go:125.17,127.4 1 0
github.com/xaionaro-go/spdm/pkg/responder/challenge.go:130.3,131.17 2 1
github.com/xaionaro-go/spdm/pkg/responder/challenge.go:131.17,133.4 1 0
github.com/xaionaro-go/spdm/pkg/responder/challenge.go:134.8,137.3 1 0
github.com/xaionaro-go/spdm/pkg/responder/challenge.go:139.2,139.23 1 1
github.com/xaionaro-go/spdm/pkg/responder/challenge.go:145.78,146.18 1 1
github.com/xaionaro-go/spdm/pkg/responder/challenge.go:147.84,148.54 1 1
github.com/xaionaro-go/spdm/pkg/responder/challenge.go:149.10,151.18 1 0
github.com/xaionaro-go/spdm/pkg/responder/challenge.go:156.66,159.59 2 1
github.com/xaionaro-go/spdm/pkg/responder/challenge.go:159.59,161.31 1 0
github.com/xaionaro-go/spdm/pkg/responder/challenge.go:161.31,163.4 1 0
github.com/xaionaro-go/spdm/pkg/responder/challenge.go:164.3,164.18 1 0
github.com/xaionaro-go/spdm/pkg/responder/challenge.go:166.2,166.62 1 1
github.com/xaionaro-go/spdm/pkg/responder/challenge.go:170.61,178.2 7 1
github.com/xaionaro-go/spdm/pkg/responder/chunk.go:29.90,31.47 2 0
github.com/xaionaro-go/spdm/pkg/responder/chunk.go:31.47,33.3 1 0
github.com/xaionaro-go/spdm/pkg/responder/chunk.go:35.2,37.25 2 0
github.com/xaionaro-go/spdm/pkg/responder/chunk.go:37.25,45.3 1 0
github.com/xaionaro-go/spdm/pkg/responder/chunk.go:47.2,47.24 1 0
github.com/xaionaro-go/spdm/pkg/responder/chunk.go:47.24,49.3 1 0
github.com/xaionaro-go/spdm/pkg/responder/chunk.go:51.2,51.49 1 0
github.com/xaionaro-go/spdm/pkg/responder/chunk.go:51.49,54.3 2 0
github.com/xaionaro-go/spdm/pkg/responder/chunk.go:56.2,68.23 4 0
github.com/xaionaro-go/spdm/pkg/responder/chunk.go:68.23,77.17 5 0
github.com/xaionaro-go/spdm/pkg/responder/chunk.go:77.17,79.4 1 0
github.com/xaionaro-go/spdm/pkg/responder/chunk.go:82.3,82.54 1 0
github.com/xaionaro-go/spdm/pkg/responder/chunk.go:82.54,91.4 3 0
github.com/xaionaro-go/spdm/pkg/responder/chunk.go:91.9,94.4 1 0
github.com/xaionaro-go/spdm/pkg/responder/chunk.go:97.2,98.22 2 0
github.com/xaionaro-go/spdm/pkg/responder/chunk.go:101.89,103.47 2 0
github.com/xaionaro-go/spdm/pkg/responder/chunk.go:103.47,105.3 1 0
github.com/xaionaro-go/spdm/pkg/responder/chunk.go:107.2,107.23 1 0
github.com/xaionaro-go/spdm/pkg/responder/chunk.go:107.23,109.3 1 0
github.com/xaionaro-go/spdm/pkg/responder/chunk.go:111.2,111.48 1 0
github.com/xaionaro-go/spdm/pkg/responder/chunk.go:111.48,114.3 2 0
github.com/xaionaro-go/spdm/pkg/responder/chunk.go:116.2,124.25 5 0
github.com/xaionaro-go/spdm/pkg/responder/chunk.go:124.25,126.3 1 0
github.com/xaionaro-go/spdm/pkg/responder/chunk.go:127.2,128.19 2 0
github.com/xaionaro-go/spdm/pkg/responder/chunk.go:128.19,131.3 2 0
github.com/xaionaro-go/spdm/pkg/responder/chunk.go:133.2,134.21 2 0
github.com/xaionaro-go/spdm/pkg/responder/chunk.go:134.21,136.3 1 0
github.com/xaionaro-go/spdm/pkg/responder/chunk.go:138.2,142.12 4 0
github.com/xaionaro-go/spdm/pkg/responder/chunk.go:142.12,144.3 1 0
github.com/xaionaro-go/spdm/pkg/responder/chunk.go:146.2,157.25 2 0
github.com/xaionaro-go/spdm/pkg/responder/chunk.go:157.25,159.3 1 0
github.com/xaionaro-go/spdm/pkg/responder/chunk.go:161.2,164.12 3 0
github.com/xaionaro-go/spdm/pkg/responder/chunk.go:164.12,166.3 1 0
github.com/xaionaro-go/spdm/pkg/responder/chunk.go:168.2,169.23 2 0
github.com/xaionaro-go/spdm/pkg/responder/chunk.go:173.45,174.14 1 0
github.com/xaionaro-go/spdm/pkg/responder/chunk.go:174.14,176.3 1 0
github.com/xaionaro-go/spdm/pkg/responder/chunk.go:177.2,177.17 1 0
github.com/xaionaro-go/spdm/pkg/responder/csr.go:18.87,19.19 1 0
github.com/xaionaro-go/spdm/pkg/responder/csr.go:19.19,21.3 1 0
github.com/xaionaro-go/spdm/pkg/responder/csr.go:22.2,22.30 1 0
github.com/xaionaro-go/spdm/pkg/responder/csr.go:22.30,24.3 1 0
github.com/xaionaro-go/spdm/pkg/responder/csr.go:26.2,27.47 2 0
github.com/xaionaro-go/spdm/pkg/responder/csr.go:27.47,29.3 1 0
github.com/xaionaro-go/spdm/pkg/responder/csr.go:31.2,32.16 2 0
github.com/xaionaro-go/spdm/pkg/responder/csr.go:32.16,35.3 2 0
github.com/xaionaro-go/spdm/pkg/responder/csr.go:37.2,46.23 3 0
github.com/xaionaro-go/spdm/pkg/responder/digests.go:13.91,14.19 1 1
github.com/xaionaro-go/spdm/pkg/responder/digests.go:14.19,16.3 1 0
github.com/xaionaro-go/spdm/pkg/responder/digests.go:17.2,17.31 1 1
github.com/xaionaro-go/spdm/pkg/responder/digests.go:17.31,19.3 1 0
github.com/xaionaro-go/spdm/pkg/responder/digests.go:21.2,25.41 3 1
github.com/xaionaro-go/spdm/pkg/responder/digests.go:25.41,27.32 2 1
github.com/xaionaro-go/spdm/pkg/responder/digests.go:27.32,28.12 1 1
github.com/xaionaro-go/spdm/pkg/responder/digests.go:30.3,31.31 2 1
github.com/xaionaro-go/spdm/pkg/responder/digests.go:34.2,34.19 1 1
github.com/xaionaro-go/spdm/pkg/responder/digests.go:34.19,36.3 1 0
github.com/xaionaro-go/spdm/pkg/responder/digests.go:38.2,48.16 3 1
github.com/xaionaro-go/spdm/pkg/responder/digests.go:48.16,50.3 1 0
github.com/xaionaro-go/spdm/pkg/responder/digests.go:52.2,55.18 4 1
github.com/xaionaro-go/spdm/pkg/responder/encapsulation.go:14.97,17.2 2 0
github.com/xaionaro-go/spdm/pkg/responder/encapsulation.go:22.102,25.2 2 0
github.com/xaionaro-go/spdm/pkg/responder/endpoint_info.go:18.96,19.19 1 0
github.com/xaionaro-go/spdm/pkg/responder/endpoint_info.go:19.19,21.3 1 0
github.com/xaionaro-go/spdm/pkg/responder/endpoint_info.go:22.2,22.39 1 0
github.com/xaionaro-go/spdm/pkg/responder/endpoint_info.go:22.39,24.3 1 0
github.com/xaionaro-go/spdm/pkg/responder/endpoint_info.go:26.2,27.47 2 0
github.com/xaionaro-go/spdm/pkg/responder/endpoint_info.go:27.47,29.3 1 0
github.com/xaionaro-go/spdm/pkg/responder/endpoint_info.go:31.2,33.16 3 0
github.com/xaionaro-go/spdm/pkg/responder/endpoint_info.go:33.16,36.3 2 0
github.com/xaionaro-go/spdm/pkg/responder/endpoint_info.go:38.2,47.23 3 0
github.com/xaionaro-go/spdm/pkg/responder/event.go:13.97,16.2 2 0
github.com/xaionaro-go/spdm/pkg/responder/event.go:20.94,23.2 2 0
github.com/xaionaro-go/spdm/pkg/responder/event.go:27.84,30.2 2 0
github.com/xaionaro-go/spdm/pkg/responder/key_exchange.go:32.92,33.19 1 1
github.com/xaionaro-go/spdm/pkg/responder/key_exchange.go:33.19,35.3 1 0
github.com/xaionaro-go/spdm/pkg/responder/key_exchange.go:38.2,39.18 2 1
github.com/xaionaro-go/spdm/pkg/responder/key_exchange.go:39.18,41.3 1 0
github.com/xaionaro-go/spdm/pkg/responder/key_exchange.go:43.2,44.67 2 1
github.com/xaionaro-go/spdm/pkg/responder/key_exchange.go:44.67,46.3 1 0
github.com/xaionaro-go/spdm/pkg/responder/key_exchange.go:48.2,55.16 5 1
github.com/xaionaro-go/spdm/pkg/responder/key_exchange.go:55.16,57.3 1 0
github.com/xaionaro-go/spdm/pkg/responder/key_exchange.go:60.2,61.16 2 1
github.com/xaionaro-go/spdm/pkg/responder/key_exchange.go:61.16,63.3 1 0
github.com/xaionaro-go/spdm/pkg/responder/key_exchange.go:66.2,67.52 2 1
github.com/xaionaro-go/spdm/pkg/responder/key_exchange.go:67.52,69.3 1 0
github.com/xaionaro-go/spdm/pkg/responder/key_exchange.go:71.2,72.57 2 1
github.com/xaionaro-go/spdm/pkg/responder/key_exchange.go:72.57,74.3 1 0
github.com/xaionaro-go/spdm/pkg/responder/key_exchange.go:75.2,79.47 3 1
github.com/xaionaro-go/spdm/pkg/responder/key_exchange.go:79.47,80.32 1 1
github.com/xaionaro-go/spdm/pkg/responder/key_exchange.go:80.32,82.18 2 1
github.com/xaionaro-go/spdm/pkg/responder/key_exchange.go:82.18,84.5 1 0
github.com/xaionaro-go/spdm/pkg/responder/key_exchange.go:85.9,87.4 1 1
github.com/xaionaro-go/spdm/pkg/responder/key_exchange.go:91.2,109.30 4 1
github.com/xaionaro-go/spdm/pkg/responder/key_exchange.go:109.30,109.70 1 1
github.com/xaionaro-go/spdm/pkg/responder/key_exchange.go:110.2,114.31 3 1
github.com/xaionaro-go/spdm/pkg/responder/key_exchange.go:114.31,116.17 2 1
github.com/xaionaro-go/spdm/pkg/responder/key_exchange.go:116.17,120.4 3 1
github.com/xaionaro-go/spdm/pkg/responder/key_exchange.go:122.2,122.26 1 1
github.com/xaionaro-go/spdm/pkg/responder/key_exchange.go:122.26,124.3 1 0
github.com/xaionaro-go/spdm/pkg/responder/key_exchange.go:129.2,132.16 4 1
github.com/xaionaro-go/spdm/pkg/responder/key_exchange.go:132.16,134.3 1 0
github.com/xaionaro-go/spdm/pkg/responder/key_exchange.go:136.2,146.25 9 1
github.com/xaionaro-go/spdm/pkg/responder/key_exchange.go:146.25,148.3 1 1
github.com/xaionaro-go/spdm/pkg/responder/key_exchange.go:149.2,163.16 12 1
github.com/xaionaro-go/spdm/pkg/responder/key_exchange.go:163.16,165.3 1 0
github.com/xaionaro-go/spdm/pkg/responder/key_exchange.go:167.2,168.16 2 1
github.com/xaionaro-go/spdm/pkg/responder/key_exchange.go:168.16,170.3 1 0
github.com/xaionaro-go/spdm/pkg/responder/key_exchange.go:173.2,174.16 2 1
github.com/xaionaro-go/spdm/pkg/responder/key_exchange.go:174.16,176.3 1 0
github.com/xaionaro-go/spdm/pkg/responder/key_exchange.go:177.2,182.16 3 1
github.com/xaionaro-go/spdm/pkg/responder/key_exchange.go:182.16,184.3 1 0
github.com/xaionaro-go/spdm/pkg/responder/key_exchange.go:186.2,194.16 8 1
github.com/xaionaro-go/spdm/pkg/responder/key_exchange.go:194.16,196.3 1 0
github.com/xaionaro-go/spdm/pkg/responder/key_exchange.go:200.2,201.23 2 1
github.com/xaionaro-go/spdm/pkg/responder/key_exchange.go:201.23,204.3 2 0
github.com/xaionaro-go/spdm/pkg/responder/key_exchange.go:206.2,207.16 2 1
github.com/xaionaro-go/spdm/pkg/responder/key_exchange.go:207.16,209.3 1 0
github.com/xaionaro-go/spdm/pkg/responder/key_exchange.go:212.2,238.24 7 1
github.com/xaionaro-go/spdm/pkg/responder/key_exchange.go:241.87,242.22 1 1
github.com/xaionaro-go/spdm/pkg/responder/key_exchange.go:242.22,244.3 1 0
github.com/xaionaro-go/spdm/pkg/responder/key_exchange.go:245.2,250.69 4 1
github.com/xaionaro-go/spdm/pkg/responder/key_exchange.go:250.69,252.3 1 0
github.com/xaionaro-go/spdm/pkg/responder/key_exchange.go:256.2,269.67 10 1
github.com/xaionaro-go/spdm/pkg/responder/key_exchange.go:269.67,272.3 2 0
github.com/xaionaro-go/spdm/pkg/responder/key_exchange.go:275.2,284.22 3 1
github.com/xaionaro-go/spdm/pkg/responder/key_exchange.go:284.22,287.17 2 1
github.com/xaionaro-go/spdm/pkg/responder/key_exchange.go:287.17,289.4 1 0
github.com/xaionaro-go/spdm/pkg/responder/key_exchange.go:291.3,300.108 9 1
github.com/xaionaro-go/spdm/pkg/responder/key_exchange.go:303.2,304.16 2 1
github.com/xaionaro-go/spdm/pkg/responder/key_exchange.go:304.16,306.3 1 0
github.com/xaionaro-go/spdm/pkg/responder/key_exchange.go:309.2,310.16 2 1
github.com/xaionaro-go/spdm/pkg/responder/key_exchange.go:310.16,312.3 1 0
github.com/xaionaro-go/spdm/pkg/responder/key_exchange.go:313.2,328.16 12 1
github.com/xaionaro-go/spdm/pkg/responder/key_exchange.go:328.16,330.3 1 0
github.com/xaionaro-go/spdm/pkg/responder/key_exchange.go:331.2,341.28 7 1
github.com/xaionaro-go/spdm/pkg/responder/key_exchange.go:345.42,366.35 11 1
github.com/xaionaro-go/spdm/pkg/responder/key_exchange.go:366.35,368.3 1 0
github.com/xaionaro-go/spdm/pkg/responder/key_exchange.go:369.2,369.12 1 1
github.com/xaionaro-go/spdm/pkg/responder/measurement_ext.go:18.87,19.19 1 0
github.com/xaionaro-go/spdm/pkg/responder/measurement_ext.go:19.19,21.3 1 0
github.com/xaionaro-go/spdm/pkg/responder/measurement_ext.go:22.2,22.30 1 0
github.com/xaionaro-go/spdm/pkg/responder/measurement_ext.go:22.30,24.3 1 0
github.com/xaionaro-go/spdm/pkg/responder/measurement_ext.go:26.2,27.47 2 0
github.com/xaionaro-go/spdm/pkg/responder/measurement_ext.go:27.47,29.3 1 0
github.com/xaionaro-go/spdm/pkg/responder/measurement_ext.go:31.2,32.16 2 0
github.com/xaionaro-go/spdm/pkg/responder/measurement_ext.go:32.16,35.3 2 0
github.com/xaionaro-go/spdm/pkg/responder/measurement_ext.go:37.2,47.23 3 0
github.com/xaionaro-go/spdm/pkg/responder/measurements.go:15.96,16.19 1 1
github.com/xaionaro-go/spdm/pkg/responder/measurements.go:16.19,18.3 1 0
github.com/xaionaro-go/spdm/pkg/responder/measurements.go:19.2,19.31 1 1
github.com/xaionaro-go/spdm/pkg/responder/measurements.go:19.31,21.3 1 0
github.com/xaionaro-go/spdm/pkg/responder/measurements.go:23.2,24.47 2 1
github.com/xaionaro-go/spdm/pkg/responder/measurements.go:24.47,26.3 1 0
github.com/xaionaro-go/spdm/pkg/responder/measurements.go:28.2,33.16 4 1
github.com/xaionaro-go/spdm/pkg/responder/measurements.go:33.16,35.3 1 0
github.com/xaionaro-go/spdm/pkg/responder/measurements.go:36.2,40.37 3 1
github.com/xaionaro-go/spdm/pkg/responder/measurements.go:40.38,42.3 0 1
github.com/xaionaro-go/spdm/pkg/responder/measurements.go:42.8,42.49 1 1
github.com/xaionaro-go/spdm/pkg/responder/measurements.go:42.49,44.3 1 0
github.com/xaionaro-go/spdm/pkg/responder/measurements.go:44.8,46.17 2 1
github.com/xaionaro-go/spdm/pkg/responder/measurements.go:46.17,48.4 1 0
github.com/xaionaro-go/spdm/pkg/responder/measurements.go:49.3,49.23 1 1
github.com/xaionaro-go/spdm/pkg/responder/measurements.go:49.23,54.4 2 0
github.com/xaionaro-go/spdm/pkg/responder/measurements.go:58.2,59.27 2 1
github.com/xaionaro-go/spdm/pkg/responder/measurements.go:59.27,70.3 10 1
github.com/xaionaro-go/spdm/pkg/responder/measurements.go:73.2,74.21 2 1
github.com/xaionaro-go/spdm/pkg/responder/measurements.go:74.21,76.3 1 0
github.com/xaionaro-go/spdm/pkg/responder/measurements.go:78.2,92.23 4 1
github.com/xaionaro-go/spdm/pkg/responder/measurements.go:92.23,94.3 1 0
github.com/xaionaro-go/spdm/pkg/responder/measurements.go:98.2,101.47 3 1
github.com/xaionaro-go/spdm/pkg/responder/measurements.go:101.47,110.26 6 1
github.com/xaionaro-go/spdm/pkg/responder/measurements.go:110.26,112.4 1 1
github.com/xaionaro-go/spdm/pkg/responder/measurements.go:113.3,130.21 14 1
github.com/xaionaro-go/spdm/pkg/responder/measurements.go:130.21,132.4 1 0
github.com/xaionaro-go/spdm/pkg/responder/measurements.go:134.3,135.21 2 1
github.com/xaionaro-go/spdm/pkg/responder/measurements.go:135.21,137.4 1 0
github.com/xaionaro-go/spdm/pkg/responder/measurements.go:138.3,141.25 2 1
github.com/xaionaro-go/spdm/pkg/responder/measurements.go:144.2,146.23 2 1
github.com/xaionaro-go/spdm/pkg/responder/provisioning.go:21.95,22.19 1 0
github.com/xaionaro-go/spdm/pkg/responder/provisioning.go:22.19,24.3 1 0
github.com/xaionaro-go/spdm/pkg/responder/provisioning.go:25.2,25.39 1 0
github.com/xaionaro-go/spdm/pkg/responder/provisioning.go:25.39,27.3 1 0
github.com/xaionaro-go/spdm/pkg/responder/provisioning.go:29.2,30.47 2 0
github.com/xaionaro-go/spdm/pkg/responder/provisioning.go:30.47,32.3 1 0
github.com/xaionaro-go/spdm/pkg/responder/provisioning.go:34.2,35.94 2 0
github.com/xaionaro-go/spdm/pkg/responder/provisioning.go:35.94,38.3 2 0
github.com/xaionaro-go/spdm/pkg/responder/provisioning.go:40.2,49.23 3 0
github.com/xaionaro-go/spdm/pkg/responder/provisioning.go:52.95,53.19 1 0
github.com/xaionaro-go/spdm/pkg/responder/provisioning.go:53.19,55.3 1 0
github.com/xaionaro-go/spdm/pkg/responder/provisioning.go:56.2,56.39 1 0
github.com/xaionaro-go/spdm/pkg/responder/provisioning.go:56.39,58.3 1 0
github.com/xaionaro-go/spdm/pkg/responder/provisioning.go:60.2,61.47 2 0
github.com/xaionaro-go/spdm/pkg/responder/provisioning.go:61.47,63.3 1 0
github.com/xaionaro-go/spdm/pkg/responder/provisioning.go:65.2,66.16 2 0
github.com/xaionaro-go/spdm/pkg/responder/provisioning.go:66.16,69.3 2 0
github.com/xaionaro-go/spdm/pkg/responder/provisioning.go:71.2,77.23 3 0
github.com/xaionaro-go/spdm/pkg/responder/psk.go:29.92,30.19 1 0
github.com/xaionaro-go/spdm/pkg/responder/psk.go:30.19,32.3 1 0
github.com/xaionaro-go/spdm/pkg/responder/psk.go:34.2,34.30 1 0
github.com/xaionaro-go/spdm/pkg/responder/psk.go:34.30,36.3 1 0
github.com/xaionaro-go/spdm/pkg/responder/psk.go:38.2,39.47 2 0
github.com/xaionaro-go/spdm/pkg/responder/psk.go:39.47,41.3 1 0
github.com/xaionaro-go/spdm/pkg/responder/psk.go:43.2,47.16 3 0
github.com/xaionaro-go/spdm/pkg/responder/psk.go:47.16,50.3 2 0
github.com/xaionaro-go/spdm/pkg/responder/psk.go:52.2,52.30 1 0
github.com/xaionaro-go/spdm/pkg/responder/psk.go:52.30,52.70 1 0
github.com/xaionaro-go/spdm/pkg/responder/psk.go:53.2,57.49 3 0
github.com/xaionaro-go/spdm/pkg/responder/psk.go:57.49,59.3 1 0
github.com/xaionaro-go/spdm/pkg/responder/psk.go:61.2,62.57 2 0
github.com/xaionaro-go/spdm/pkg/responder/psk.go:62.57,64.3 1 0
github.com/xaionaro-go/spdm/pkg/responder/psk.go:65.2,70.47 4 0
github.com/xaionaro-go/spdm/pkg/responder/psk.go:70.47,71.32 1 0
github.com/xaionaro-go/spdm/pkg/responder/psk.go:71.32,73.18 2 0
github.com/xaionaro-go/spdm/pkg/responder/psk.go:73.18,75.5 1 0
github.com/xaionaro-go/spdm/pkg/responder/psk.go:76.9,78.4 1 0
github.com/xaionaro-go/spdm/pkg/responder/psk.go:82.2,99.16 4 0
github.com/xaionaro-go/spdm/pkg/responder/psk.go:99.16,101.3 1 0
github.com/xaionaro-go/spdm/pkg/responder/psk.go:105.2,107.16 3 0
github.com/xaionaro-go/spdm/pkg/responder/psk.go:107.16,109.3 1 0
github.com/xaionaro-go/spdm/pkg/responder/psk.go:111.2,119.16 7 0
github.com/xaionaro-go/spdm/pkg/responder/psk.go:119.16,121.3 1 0
github.com/xaionaro-go/spdm/pkg/responder/psk.go:124.2,128.16 4 0
github.com/xaionaro-go/spdm/pkg/responder/psk.go:128.16,130.3 1 0
github.com/xaionaro-go/spdm/pkg/responder/psk.go:133.2,157.25 7 0
github.com/xaionaro-go/spdm/pkg/responder/psk.go:160.90,161.25 1 0
github.com/xaionaro-go/spdm/pkg/responder/psk.go:161.25,163.3 1 0
github.com/xaionaro-go/spdm/pkg/responder/psk.go:164.2,169.45 3 0
github.com/xaionaro-go/spdm/pkg/responder/psk.go:169.45,171.3 1 0
github.com/xaionaro-go/spdm/pkg/responder/psk.go:173.2,174.47 2 0
github.com/xaionaro-go/spdm/pkg/responder/psk.go:174.47,176.3 1 0
github.com/xaionaro-go/spdm/pkg/responder/psk.go:177.2,194.67 11 0
github.com/xaionaro-go/spdm/pkg/responder/psk.go:194.67,197.3 2 0
github.com/xaionaro-go/spdm/pkg/responder/psk.go:200.2,208.16 3 0
github.com/xaionaro-go/spdm/pkg/responder/psk.go:208.16,210.3 1 0
github.com/xaionaro-go/spdm/pkg/responder/psk.go:213.2,214.16 2 0
github.com/xaionaro-go/spdm/pkg/responder/psk.go:214.16,216.3 1 0
github.com/xaionaro-go/spdm/pkg/responder/psk.go:217.2,231.16 11 0
github.com/xaionaro-go/spdm/pkg/responder/psk.go:231.16,233.3 1 0
github.com/xaionaro-go/spdm/pkg/responder/psk.go:234.2,241.28 6 0
github.com/xaionaro-go/spdm/pkg/responder/respond_if_ready.go:15.89,18.2 2 0
github.com/xaionaro-go/spdm/pkg/responder/responder.go:111.33,112.31 1 1
github.com/xaionaro-go/spdm/pkg/responder/responder.go:112.31,114.3 1 0
github.com/xaionaro-go/spdm/pkg/responder/responder.go:115.2,115.29 1 1
github.com/xaionaro-go/spdm/pkg/responder/responder.go:115.29,117.3 1 0
github.com/xaionaro-go/spdm/pkg/responder/responder.go:118.2,121.3 1 1
github.com/xaionaro-go/spdm/pkg/responder/responder.go:125.100,127.15 2 1
github.com/xaionaro-go/spdm/pkg/responder/responder.go:127.15,127.90 1 1
github.com/xaionaro-go/spdm/pkg/responder/responder.go:128.2,128.36 1 1
github.com/xaionaro-go/spdm/pkg/responder/responder.go:128.36,130.3 1 0
github.com/xaionaro-go/spdm/pkg/responder/responder.go:131.2,132.47 2 1
github.com/xaionaro-go/spdm/pkg/responder/responder.go:132.47,134.3 1 0
github.com/xaionaro-go/spdm/pkg/responder/responder.go:136.2,140.40 2 1
github.com/xaionaro-go/spdm/pkg/responder/responder.go:140.40,143.60 1 1
github.com/xaionaro-go/spdm/pkg/responder/responder.go:143.60,145.4 1 0
github.com/xaionaro-go/spdm/pkg/responder/responder.go:147.3,147.18 1 1
github.com/xaionaro-go/spdm/pkg/responder/responder.go:148.37,149.35 1 1
github.com/xaionaro-go/spdm/pkg/responder/responder.go:149.35,151.5 1 0
github.com/xaionaro-go/spdm/pkg/responder/responder.go:152.41,153.40 1 1
github.com/xaionaro-go/spdm/pkg/responder/responder.go:153.40,155.5 1 0
github.com/xaionaro-go/spdm/pkg/responder/responder.go:159.2,159.17 1 1
github.com/xaionaro-go/spdm/pkg/responder/responder.go:160.31,161.42 1 1
github.com/xaionaro-go/spdm/pkg/responder/responder.go:162.36,163.47 1 1
github.com/xaionaro-go/spdm/pkg/responder/responder.go:164.40,165.51 1 1
github.com/xaionaro-go/spdm/pkg/responder/responder.go:166.31,167.42 1 1
github.com/xaionaro-go/spdm/pkg/responder/responder.go:168.35,169.46 1 1
github.com/xaionaro-go/spdm/pkg/responder/responder.go:170.30,171.41 1 1
github.com/xaionaro-go/spdm/pkg/responder/responder.go:172.36,173.47 1 1
github.com/xaionaro-go/spdm/pkg/responder/responder.go:174.32,175.43 1 1
github.com/xaionaro-go/spdm/pkg/responder/responder.go:176.27,177.38 1 1
github.com/xaionaro-go/spdm/pkg/responder/responder.go:178.32,179.43 1 0
github.com/xaionaro-go/spdm/pkg/responder/responder.go:180.30,181.41 1 0
github.com/xaionaro-go/spdm/pkg/responder/responder.go:182.30,183.41 1 0
github.com/xaionaro-go/spdm/pkg/responder/responder.go:184.30,185.41 1 1
github.com/xaionaro-go/spdm/pkg/responder/responder.go:186.31,187.42 1 1
github.com/xaionaro-go/spdm/pkg/responder/responder.go:188.34,189.45 1 0
github.com/xaionaro-go/spdm/pkg/responder/responder.go:190.27,191.38 1 0
github.com/xaionaro-go/spdm/pkg/responder/responder.go:192.35,193.46 1 0
github.com/xaionaro-go/spdm/pkg/responder/responder.go:194.35,195.46 1 0
github.com/xaionaro-go/spdm/pkg/responder/responder.go:196.36,197.47 1 0
github.com/xaionaro-go/spdm/pkg/responder/responder.go:198.47,199.38 1 0
github.com/xaionaro-go/spdm/pkg/responder/responder.go:200.30,201.41 1 0
github.com/xaionaro-go/spdm/pkg/responder/responder.go:202.29,203.40 1 0
github.com/xaionaro-go/spdm/pkg/responder/responder.go:204.35,205.46 1 0
github.com/xaionaro-go/spdm/pkg/responder/responder.go:206.35,207.46 1 0
github.com/xaionaro-go/spdm/pkg/responder/responder.go:208.43,209.54 1 0
github.com/xaionaro-go/spdm/pkg/responder/responder.go:210.48,211.59 1 0
github.com/xaionaro-go/spdm/pkg/responder/responder.go:212.43,213.54 1 0
github.com/xaionaro-go/spdm/pkg/responder/responder.go:214.40,215.51 1 0
github.com/xaionaro-go/spdm/pkg/responder/responder.go:216.30,217.41 1 0
github.com/xaionaro-go/spdm/pkg/responder/responder.go:218.10,219.61 1 0
github.com/xaionaro-go/spdm/pkg/responder/responder.go:224.61,226.15 2 1
github.com/xaionaro-go/spdm/pkg/responder/responder.go:226.15,226.61 1 1
github.com/xaionaro-go/spdm/pkg/responder/responder.go:227.2,227.6 1 1
github.com/xaionaro-go/spdm/pkg/responder/responder.go:227.6,228.10 1 1
github.com/xaionaro-go/spdm/pkg/responder/responder.go:229.21,230.20 1 0
github.com/xaionaro-go/spdm/pkg/responder/responder.go:231.11,231.11 0 1
github.com/xaionaro-go/spdm/pkg/responder/responder.go:233.3,234.17 2 1
github.com/xaionaro-go/spdm/pkg/responder/responder.go:234.17,236.4 1 1
github.com/xaionaro-go/spdm/pkg/responder/responder.go:237.3,238.17 2 1
github.com/xaionaro-go/spdm/pkg/responder/responder.go:238.17,240.4 1 0
github.com/xaionaro-go/spdm/pkg/responder/responder.go:241.3,241.73 1 1
github.com/xaionaro-go/spdm/pkg/responder/responder.go:241.73,243.4 1 0
github.com/xaionaro-go/spdm/pkg/responder/responder.go:248.83,250.20 2 0
github.com/xaionaro-go/spdm/pkg/responder/responder.go:250.20,252.3 1 0
github.com/xaionaro-go/spdm/pkg/responder/responder.go:253.2,262.13 3 0
github.com/xaionaro-go/spdm/pkg/responder/responder.go:266.56,268.16 2 1
github.com/xaionaro-go/spdm/pkg/responder/responder.go:268.16,270.3 1 0
github.com/xaionaro-go/spdm/pkg/responder/responder.go:271.2,272.49 2 1
github.com/xaionaro-go/spdm/pkg/responder/responder.go:272.49,274.3 1 0
github.com/xaionaro-go/spdm/pkg/responder/responder.go:275.2,275.17 1 1
github.com/xaionaro-go/spdm/pkg/responder/responder.go:279.71,281.2 1 1
github.com/xaionaro-go/spdm/pkg/responder/responder.go:284.60,286.2 1 1
github.com/xaionaro-go/spdm/pkg/responder/responder.go:289.54,291.2 1 1
github.com/xaionaro-go/spdm/pkg/responder/responder.go:295.50,297.17 2 1
github.com/xaionaro-go/spdm/pkg/responder/responder.go:297.17,299.3 1 0
github.com/xaionaro-go/spdm/pkg/responder/responder.go:301.2,301.27 1 1
github.com/xaionaro-go/spdm/pkg/responder/responder.go:305.52,307.17 2 1
github.com/xaionaro-go/spdm/pkg/responder/responder.go:307.17,309.3 1 1
github.com/xaionaro-go/spdm/pkg/responder/responder.go:310.2,310.27 1 1
github.com/xaionaro-go/spdm/pkg/responder/session_handlers.go:14.90,16.47 2 0
github.com/xaionaro-go/spdm/pkg/responder/session_handlers.go:16.47,18.3 1 0
github.com/xaionaro-go/spdm/pkg/responder/session_handlers.go:20.2,27.23 3 0
github.com/xaionaro-go/spdm/pkg/responder/session_handlers.go:30.90,32.47 2 1
github.com/xaionaro-go/spdm/pkg/responder/session_handlers.go:32.47,34.3 1 0
github.com/xaionaro-go/spdm/pkg/responder/session_handlers.go:36.2,40.17 4 1
github.com/xaionaro-go/spdm/pkg/responder/session_handlers.go:40.17,42.3 1 0
github.com/xaionaro-go/spdm/pkg/responder/session_handlers.go:44.2,44.30 1 1
github.com/xaionaro-go/spdm/pkg/responder/session_handlers.go:44.30,44.70 1 1
github.com/xaionaro-go/spdm/pkg/responder/session_handlers.go:48.2,48.12 1 1
github.com/xaionaro-go/spdm/pkg/responder/session_handlers.go:49.33,51.57 1 0
github.com/xaionaro-go/spdm/pkg/responder/session_handlers.go:51.57,53.4 1 0
github.com/xaionaro-go/spdm/pkg/responder/session_handlers.go:54.37,56.57 1 1
github.com/xaionaro-go/spdm/pkg/responder/session_handlers.go:56.57,58.4 1 0
github.com/xaionaro-go/spdm/pkg/responder/session_handlers.go:60.3,60.39 1 1
github.com/xaionaro-go/spdm/pkg/responder/session_handlers.go:61.36,61.36 0 1
github.com/xaionaro-go/spdm/pkg/responder/session_handlers.go:65.2,73.23 2 1
github.com/xaionaro-go/spdm/pkg/responder/session_handlers.go:76.91,78.47 2 1
github.com/xaionaro-go/spdm/pkg/responder/session_handlers.go:78.47,80.3 1 0
github.com/xaionaro-go/spdm/pkg/responder/session_handlers.go:82.2,89.23 3 1
github.com/xaionaro-go/spdm/pkg/responder/session_handlers.go:92.94,94.47 2 0
github.com/xaionaro-go/spdm/pkg/responder/session_handlers.go:94.47,96.3 1 0
github.com/xaionaro-go/spdm/pkg/responder/session_handlers.go:98.2,108.23 3 0
github.com/xaionaro-go/spdm/pkg/responder/set_key_pair_info.go:17.29,19.15 2 0
github.com/xaionaro-go/spdm/pkg/responder/set_key_pair_info.go:19.15,19.72 1 0
github.com/xaionaro-go/spdm/pkg/responder/set_key_pair_info.go:21.2,21.19 1 0
github.com/xaionaro-go/spdm/pkg/responder/set_key_pair_info.go:21.19,23.3 1 0
github.com/xaionaro-go/spdm/pkg/responder/set_key_pair_info.go:25.2,25.39 1 0
github.com/xaionaro-go/spdm/pkg/responder/set_key_pair_info.go:25.39,27.3 1 0
github.com/xaionaro-go/spdm/pkg/responder/set_key_pair_info.go:29.2,30.47 2 0
github.com/xaionaro-go/spdm/pkg/responder/set_key_pair_info.go:30.47,32.3 1 0
github.com/xaionaro-go/spdm/pkg/responder/set_key_pair_info.go:34.2,41.16 1 0
github.com/xaionaro-go/spdm/pkg/responder/set_key_pair_info.go:41.16,44.3 2 0
github.com/xaionaro-go/spdm/pkg/responder/set_key_pair_info.go:46.2,54.23 3 0
github.com/xaionaro-go/spdm/pkg/responder/version.go:13.91,14.30 1 1
github.com/xaionaro-go/spdm/pkg/responder/version.go:14.30,16.3 1 0
github.com/xaionaro-go/spdm/pkg/responder/version.go:19.2,29.35 10 1
github.com/xaionaro-go/spdm/pkg/responder/version.go:29.35,32.3 1 1
github.com/xaionaro-go/spdm/pkg/responder/version.go:34.2,43.16 3 1
github.com/xaionaro-go/spdm/pkg/responder/version.go:43.16,45.3 1 0
github.com/xaionaro-go/spdm/pkg/responder/version.go:47.2,50.18 4 1
github.com/xaionaro-go/spdm/pkg/session/chacha.go:9.59,11.2 1 0
github.com/xaionaro-go/spdm/pkg/session/derive.go:17.89,19.27 2 1
github.com/xaionaro-go/spdm/pkg/session/derive.go:19.27,21.3 1 0
github.com/xaionaro-go/spdm/pkg/session/derive.go:22.2,25.26 4 1
github.com/xaionaro-go/spdm/pkg/session/derive.go:25.26,32.3 6 1
github.com/xaionaro-go/spdm/pkg/session/derive.go:33.2,33.26 1 1
github.com/xaionaro-go/spdm/pkg/session/derive.go:38.69,39.20 1 1
github.com/xaionaro-go/spdm/pkg/session/derive.go:39.20,41.3 1 0
github.com/xaionaro-go/spdm/pkg/session/derive.go:42.2,44.21 3 1
github.com/xaionaro-go/spdm/pkg/session/derive.go:50.82,57.2 6 1
github.com/xaionaro-go/spdm/pkg/session/derive.go:60.42,61.11 1 1
github.com/xaionaro-go/spdm/pkg/session/derive.go:62.22,63.20 1 1
github.com/xaionaro-go/spdm/pkg/session/derive.go:64.22,65.20 1 0
github.com/xaionaro-go/spdm/pkg/session/derive.go:66.10,67.57 1 0
github.com/xaionaro-go/spdm/pkg/session/derive.go:73.134,79.2 3 1
github.com/xaionaro-go/spdm/pkg/session/derive.go:83.134,91.16 5 1
github.com/xaionaro-go/spdm/pkg/session/derive.go:91.16,93.3 1 0
github.com/xaionaro-go/spdm/pkg/session/derive.go:96.2,97.49 2 1
github.com/xaionaro-go/spdm/pkg/session/derive.go:126.179,135.16 7 1
github.com/xaionaro-go/spdm/pkg/session/derive.go:135.16,137.3 1 0
github.com/xaionaro-go/spdm/pkg/session/derive.go:140.2,142.16 3 1
github.com/xaionaro-go/spdm/pkg/session/derive.go:142.16,144.3 1 0
github.com/xaionaro-go/spdm/pkg/session/derive.go:146.2,150.16 3 1
github.com/xaionaro-go/spdm/pkg/session/derive.go:150.16,152.3 1 0
github.com/xaionaro-go/spdm/pkg/session/derive.go:153.2,154.16 2 1
github.com/xaionaro-go/spdm/pkg/session/derive.go:154.16,156.3 1 0
github.com/xaionaro-go/spdm/pkg/session/derive.go:157.2,158.16 2 1
github.com/xaionaro-go/spdm/pkg/session/derive.go:158.16,160.3 1 0
github.com/xaionaro-go/spdm/pkg/session/derive.go:162.2,163.16 2 1
github.com/xaionaro-go/spdm/pkg/session/derive.go:163.16,165.3 1 0
github.com/xaionaro-go/spdm/pkg/session/derive.go:166.2,167.16 2 1
github.com/xaionaro-go/spdm/pkg/session/derive.go:167.16,169.3 1 0
github.com/xaionaro-go/spdm/pkg/session/derive.go:170.2,171.16 2 1
github.com/xaionaro-go/spdm/pkg/session/derive.go:171.16,173.3 1 0
github.com/xaionaro-go/spdm/pkg/session/derive.go:175.2,175.18 1 1
github.com/xaionaro-go/spdm/pkg/session/derive.go:180.166,188.16 7 1
github.com/xaionaro-go/spdm/pkg/session/derive.go:188.16,190.3 1 0
github.com/xaionaro-go/spdm/pkg/session/derive.go:192.2,195.16 3 1
github.com/xaionaro-go/spdm/pkg/session/derive.go:195.16,197.3 1 0
github.com/xaionaro-go/spdm/pkg/session/derive.go:199.2,205.16 3 1
github.com/xaionaro-go/spdm/pkg/session/derive.go:205.16,207.3 1 0
github.com/xaionaro-go/spdm/pkg/session/derive.go:208.2,209.16 2 1
github.com/xaionaro-go/spdm/pkg/session/derive.go:209.16,211.3 1 0
github.com/xaionaro-go/spdm/pkg/session/derive.go:212.2,213.16 2 1
github.com/xaionaro-go/spdm/pkg/session/derive.go:213.16,215.3 1 0
github.com/xaionaro-go/spdm/pkg/session/derive.go:216.2,217.16 2 1
github.com/xaionaro-go/spdm/pkg/session/derive.go:217.16,219.3 1 0
github.com/xaionaro-go/spdm/pkg/session/derive.go:222.2,224.16 3 1
github.com/xaionaro-go/spdm/pkg/session/derive.go:224.16,226.3 1 0
github.com/xaionaro-go/spdm/pkg/session/derive.go:228.2,228.18 1 1
github.com/xaionaro-go/spdm/pkg/session/derive.go:234.116,239.2 4 1
github.com/xaionaro-go/spdm/pkg/session/derive.go:242.149,248.16 5 1
github.com/xaionaro-go/spdm/pkg/session/derive.go:248.16,250.3 1 0
github.com/xaionaro-go/spdm/pkg/session/derive.go:251.2,252.16 2 1
github.com/xaionaro-go/spdm/pkg/session/derive.go:252.16,254.3 1 0
github.com/xaionaro-go/spdm/pkg/session/derive.go:255.2,255.21 1 1
github.com/xaionaro-go/spdm/pkg/session/derive.go:259.108,263.2 3 1
github.com/xaionaro-go/spdm/pkg/session/encode.go:20.81,21.15 1 1
github.com/xaionaro-go/spdm/pkg/session/encode.go:22.46,24.17 2 1
github.com/xaionaro-go/spdm/pkg/session/encode.go:24.17,26.4 1 0
github.com/xaionaro-go/spdm/pkg/session/encode.go:27.3,27.30 1 1
github.com/xaionaro-go/spdm/pkg/session/encode.go:28.33,31.34 1 0
github.com/xaionaro-go/spdm/pkg/session/encode.go:32.10,33.62 1 0
github.com/xaionaro-go/spdm/pkg/session/encode.go:41.66,44.52 3 1
github.com/xaionaro-go/spdm/pkg/session/encode.go:44.52,46.3 1 1
github.com/xaionaro-go/spdm/pkg/session/encode.go:47.2,47.14 1 1
github.com/xaionaro-go/spdm/pkg/session/encode.go:70.19,72.16 2 1
github.com/xaionaro-go/spdm/pkg/session/encode.go:72.16,74.3 1 0
github.com/xaionaro-go/spdm/pkg/session/encode.go:76.2,78.24 2 1
github.com/xaionaro-go/spdm/pkg/session/encode.go:78.24,100.3 16 1
github.com/xaionaro-go/spdm/pkg/session/encode.go:103.2,117.20 13 0
github.com/xaionaro-go/spdm/pkg/session/encode.go:121.55,122.28 1 1
github.com/xaionaro-go/spdm/pkg/session/encode.go:122.28,124.3 1 1
github.com/xaionaro-go/spdm/pkg/session/encode.go:137.27,139.33 2 1
github.com/xaionaro-go/spdm/pkg/session/encode.go:139.33,141.3 1 0
github.com/xaionaro-go/spdm/pkg/session/encode.go:143.2,144.16 2 1
github.com/xaionaro-go/spdm/pkg/session/encode.go:144.16,146.3 1 0
github.com/xaionaro-go/spdm/pkg/session/encode.go:148.2,151.43 3 1
github.com/xaionaro-go/spdm/pkg/session/encode.go:151.43,153.3 1 0
github.com/xaionaro-go/spdm/pkg/session/encode.go:155.2,157.24 2 1
github.com/xaionaro-go/spdm/pkg/session/encode.go:157.24,162.17 4 1
github.com/xaionaro-go/spdm/pkg/session/encode.go:162.17,164.4 1 0
github.com/xaionaro-go/spdm/pkg/session/encode.go:166.3,166.31 1 1
github.com/xaionaro-go/spdm/pkg/session/encode.go:166.31,168.4 1 0
github.com/xaionaro-go/spdm/pkg/session/encode.go:169.3,170.42 2 1
github.com/xaionaro-go/spdm/pkg/session/encode.go:170.42,172.4 1 0
github.com/xaionaro-go/spdm/pkg/session/encode.go:173.3,173.59 1 1
github.com/xaionaro-go/spdm/pkg/session/encode.go:177.2,178.25 2 0
github.com/xaionaro-go/spdm/pkg/session/encode.go:178.25,180.3 1 0
github.com/xaionaro-go/spdm/pkg/session/encode.go:181.2,187.16 6 0
github.com/xaionaro-go/spdm/pkg/session/encode.go:187.16,189.3 1 0
github.com/xaionaro-go/spdm/pkg/session/encode.go:191.2,191.69 1 0
github.com/xaionaro-go/spdm/pkg/session/session.go:23.32,24.11 1 1
github.com/xaionaro-go/spdm/pkg/session/session.go:25.17,26.16 1 0
github.com/xaionaro-go/spdm/pkg/session/session.go:27.22,28.21 1 0
github.com/xaionaro-go/spdm/pkg/session/session.go:29.24,30.23 1 1
github.com/xaionaro-go/spdm/pkg/session/session.go:31.18,32.17 1 0
github.com/xaionaro-go/spdm/pkg/session/session.go:33.10,34.19 1 0
github.com/xaionaro-go/spdm/pkg/session/session.go:74.130,83.2 1 1
github.com/xaionaro-go/spdm/pkg/session/session.go:86.51,90.23 4 1
github.com/xaionaro-go/spdm/pkg/session/session.go:90.23,92.3 1 0
github.com/xaionaro-go/spdm/pkg/session/session.go:93.2,94.17 2 1
github.com/xaionaro-go/spdm/pkg/session/session.go:99.69,103.16 4 1
github.com/xaionaro-go/spdm/pkg/session/session.go:103.16,105.3 1 0
github.com/xaionaro-go/spdm/pkg/session/session.go:106.2,107.16 2 1
github.com/xaionaro-go/spdm/pkg/session/session.go:107.16,109.3 1 0
github.com/xaionaro-go/spdm/pkg/session/session.go:110.2,114.12 5 1
github.com/xaionaro-go/spdm/pkg/session/session.go:119.70,123.16 4 1
github.com/xaionaro-go/spdm/pkg/session/session.go:123.16,125.3 1 0
github.com/xaionaro-go/spdm/pkg/session/session.go:126.2,127.16 2 1
github.com/xaionaro-go/spdm/pkg/session/session.go:127.16,129.3 1 0
github.com/xaionaro-go/spdm/pkg/session/session.go:130.2,134.12 5 1
github.com/xaionaro-go/spdm/pkg/session/session.go:138.51,142.23 4 1
github.com/xaionaro-go/spdm/pkg/session/session.go:142.23,144.3 1 0
github.com/xaionaro-go/spdm/pkg/session/session.go:145.2,146.17 2 1
github.com/xaionaro-go/spdm/pkg/spdm/requester.go:20.51,36.2 1 1
github.com/xaionaro-go/spdm/pkg/spdm/requester.go:39.82,41.16 2 1
github.com/xaionaro-go/spdm/pkg/spdm/requester.go:41.16,43.3 1 0
github.com/xaionaro-go/spdm/pkg/spdm/requester.go:44.2,52.8 1 1
github.com/xaionaro-go/spdm/pkg/spdm/requester.go:56.71,58.16 2 1
github.com/xaionaro-go/spdm/pkg/spdm/requester.go:58.16,60.3 1 0
github.com/xaionaro-go/spdm/pkg/spdm/requester.go:61.2,61.40 1 1
github.com/xaionaro-go/spdm/pkg/spdm/requester.go:65.98,67.16 2 1
github.com/xaionaro-go/spdm/pkg/spdm/requester.go:67.16,69.3 1 0
github.com/xaionaro-go/spdm/pkg/spdm/requester.go:70.2,70.61 1 1
github.com/xaionaro-go/spdm/pkg/spdm/requester.go:74.92,75.61 1 1
github.com/xaionaro-go/spdm/pkg/spdm/requester.go:75.61,77.3 1 0
github.com/xaionaro-go/spdm/pkg/spdm/requester.go:78.2,78.46 1 1
github.com/xaionaro-go/spdm/pkg/spdm/requester.go:82.103,84.16 2 1
github.com/xaionaro-go/spdm/pkg/spdm/requester.go:84.16,86.3 1 0
github.com/xaionaro-go/spdm/pkg/spdm/requester.go:87.2,89.8 1 1
github.com/xaionaro-go/spdm/pkg/spdm/requester.go:93.94,95.16 2 0
github.com/xaionaro-go/spdm/pkg/spdm/requester.go:95.16,97.3 1 0
github.com/xaionaro-go/spdm/pkg/spdm/requester.go:98.2,98.43 1 0
github.com/xaionaro-go/spdm/pkg/spdm/requester.go:102.88,104.16 2 0
github.com/xaionaro-go/spdm/pkg/spdm/requester.go:104.16,106.3 1 0
github.com/xaionaro-go/spdm/pkg/spdm/requester.go:107.2,107.43 1 0
github.com/xaionaro-go/spdm/pkg/spdm/requester.go:111.99,113.2 1 0
github.com/xaionaro-go/spdm/pkg/spdm/requester.go:116.95,118.2 1 0
github.com/xaionaro-go/spdm/pkg/spdm/requester.go:121.109,123.2 1 0
github.com/xaionaro-go/spdm/pkg/spdm/requester.go:126.89,128.2 1 0
github.com/xaionaro-go/spdm/pkg/spdm/requester.go:131.133,133.16 2 0
github.com/xaionaro-go/spdm/pkg/spdm/requester.go:133.16,135.3 1 0
github.com/xaionaro-go/spdm/pkg/spdm/requester.go:136.2,140.8 1 0
github.com/xaionaro-go/spdm/pkg/spdm/requester.go:144.139,146.2 1 0
github.com/xaionaro-go/spdm/pkg/spdm/requester.go:157.16,159.15 2 0
github.com/xaionaro-go/spdm/pkg/spdm/requester.go:159.15,159.66 1 0
github.com/xaionaro-go/spdm/pkg/spdm/requester.go:161.2,161.133 1 0
github.com/xaionaro-go/spdm/pkg/spdm/requester.go:168.59,170.15 2 0
github.com/xaionaro-go/spdm/pkg/spdm/requester.go:170.15,170.74 1 0
github.com/xaionaro-go/spdm/pkg/spdm/requester.go:172.2,172.44 1 0
github.com/xaionaro-go/spdm/pkg/spdm/requester.go:181.55,183.15 2 0
github.com/xaionaro-go/spdm/pkg/spdm/requester.go:183.15,183.79 1 0
github.com/xaionaro-go/spdm/pkg/spdm/requester.go:185.2,185.78 1 0
github.com/xaionaro-go/spdm/pkg/spdm/requester.go:192.32,194.15 2 0
github.com/xaionaro-go/spdm/pkg/spdm/requester.go:194.15,194.74 1 0
github.com/xaionaro-go/spdm/pkg/spdm/requester.go:196.2,196.44 1 0
github.com/xaionaro-go/spdm/pkg/spdm/requester.go:204.16,206.15 2 0
github.com/xaionaro-go/spdm/pkg/spdm/requester.go:206.15,206.71 1 0
github.com/xaionaro-go/spdm/pkg/spdm/requester.go:208.2,208.54 1 0
github.com/xaionaro-go/spdm/pkg/spdm/requester.go:215.16,217.15 2 0
github.com/xaionaro-go/spdm/pkg/spdm/requester.go:217.15,217.61 1 0
github.com/xaionaro-go/spdm/pkg/spdm/requester.go:219.2,219.42 1 0
github.com/xaionaro-go/spdm/pkg/spdm/requester.go:228.32,230.15 2 0
github.com/xaionaro-go/spdm/pkg/spdm/requester.go:230.15,230.66 1 0
github.com/xaionaro-go/spdm/pkg/spdm/requester.go:232.2,232.64 1 0
github.com/xaionaro-go/spdm/pkg/spdm/requester.go:245.29,247.15 2 0
github.com/xaionaro-go/spdm/pkg/spdm/requester.go:247.15,247.63 1 0
github.com/xaionaro-go/spdm/pkg/spdm/requester.go:249.2,249.36 1 0
github.com/xaionaro-go/spdm/pkg/spdm/requester.go:249.36,251.3 1 0
github.com/xaionaro-go/spdm/pkg/spdm/requester.go:252.2,252.59 1 0
github.com/xaionaro-go/spdm/pkg/spdm/requester.go:256.63,258.15 2 0
github.com/xaionaro-go/spdm/pkg/spdm/requester.go:258.15,258.61 1 0
github.com/xaionaro-go/spdm/pkg/spdm/requester.go:260.2,260.36 1 0
github.com/xaionaro-go/spdm/pkg/spdm/requester.go:260.36,262.3 1 0
github.com/xaionaro-go/spdm/pkg/spdm/requester.go:263.2,263.47 1 0
github.com/xaionaro-go/spdm/pkg/spdm/requester.go:267.79,269.15 2 0
github.com/xaionaro-go/spdm/pkg/spdm/requester.go:269.15,269.61 1 0
github.com/xaionaro-go/spdm/pkg/spdm/requester.go:271.2,271.36 1 0
github.com/xaionaro-go/spdm/pkg/spdm/requester.go:271.36,273.3 1 0
github.com/xaionaro-go/spdm/pkg/spdm/requester.go:274.2,274.58 1 0
github.com/xaionaro-go/spdm/pkg/spdm/requester.go:278.59,280.15 2 0
github.com/xaionaro-go/spdm/pkg/spdm/requester.go:280.15,280.57 1 0
github.com/xaionaro-go/spdm/pkg/spdm/requester.go:282.2,282.36 1 0
github.com/xaionaro-go/spdm/pkg/spdm/requester.go:282.36,284.3 1 0
github.com/xaionaro-go/spdm/pkg/spdm/requester.go:285.2,285.48 1 0
github.com/xaionaro-go/spdm/pkg/spdm/responder.go:15.51,38.2 1 1
github.com/xaionaro-go/spdm/pkg/spdm/responder.go:41.89,43.2 1 1
github.com/xaionaro-go/spdm/pkg/spdm/responder.go:46.54,48.2 1 0
github.com/xaionaro-go/spdm/pkg/transport/mctp/mctp.go:20.41,22.2 1 1
github.com/xaionaro-go/spdm/pkg/transport/mctp/mctp.go:24.81,35.2 8 1
github.com/xaionaro-go/spdm/pkg/transport/mctp/mctp.go:37.80,39.58 2 1
github.com/xaionaro-go/spdm/pkg/transport/mctp/mctp.go:39.58,41.3 1 0
github.com/xaionaro-go/spdm/pkg/transport/mctp/mctp.go:42.2,43.16 2 1
github.com/xaionaro-go/spdm/pkg/transport/mctp/mctp.go:43.16,45.3 1 0
github.com/xaionaro-go/spdm/pkg/transport/mctp/mctp.go:47.2,48.56 2 1
github.com/xaionaro-go/spdm/pkg/transport/mctp/mctp.go:48.56,50.3 1 0
github.com/xaionaro-go/spdm/pkg/transport/mctp/mctp.go:52.2,53.77 2 1
github.com/xaionaro-go/spdm/pkg/transport/mctp/mctp.go:53.77,55.3 1 0
github.com/xaionaro-go/spdm/pkg/transport/mctp/mctp.go:57.2,57.30 1 1
github.com/xaionaro-go/spdm/pkg/transport/mctp/mctp.go:60.38,60.50 1 0
github.com/xaionaro-go/spdm/pkg/transport/pcidoe/pcidoe.go:22.41,24.2 1 1
github.com/xaionaro-go/spdm/pkg/transport/pcidoe/pcidoe.go:26.81,44.2 14 1
github.com/xaionaro-go/spdm/pkg/transport/pcidoe/pcidoe.go:46.80,48.55 2 1
github.com/xaionaro-go/spdm/pkg/transport/pcidoe/pcidoe.go:48.55,50.3 1 0
github.com/xaionaro-go/spdm/pkg/transport/pcidoe/pcidoe.go:52.2,53.18 2 1
github.com/xaionaro-go/spdm/pkg/transport/pcidoe/pcidoe.go:53.18,55.3 1 0
github.com/xaionaro-go/spdm/pkg/transport/pcidoe/pcidoe.go:56.2,57.22 2 1
github.com/xaionaro-go/spdm/pkg/transport/pcidoe/pcidoe.go:57.22,59.3 1 0
github.com/xaionaro-go/spdm/pkg/transport/pcidoe/pcidoe.go:61.2,62.56 2 1
github.com/xaionaro-go/spdm/pkg/transport/pcidoe/pcidoe.go:62.56,64.3 1 0
github.com/xaionaro-go/spdm/pkg/transport/pcidoe/pcidoe.go:66.2,66.26 1 1
github.com/xaionaro-go/spdm/pkg/transport/pcidoe/pcidoe.go:69.38,69.64 1 0
github.com/xaionaro-go/spdm/pkg/transport/storage/storage.go:20.41,22.2 1 1
github.com/xaionaro-go/spdm/pkg/transport/storage/storage.go:24.81,25.23 1 1
github.com/xaionaro-go/spdm/pkg/transport/storage/storage.go:25.23,27.3 1 0
github.com/xaionaro-go/spdm/pkg/transport/storage/storage.go:28.2,33.51 5 1
github.com/xaionaro-go/spdm/pkg/transport/storage/storage.go:33.51,35.3 1 0
github.com/xaionaro-go/spdm/pkg/transport/storage/storage.go:36.2,36.45 1 1
github.com/xaionaro-go/spdm/pkg/transport/storage/storage.go:36.45,38.3 1 0
github.com/xaionaro-go/spdm/pkg/transport/storage/storage.go:39.2,39.12 1 1
github.com/xaionaro-go/spdm/pkg/transport/storage/storage.go:42.80,44.58 2 1
github.com/xaionaro-go/spdm/pkg/transport/storage/storage.go:44.58,46.3 1 0
github.com/xaionaro-go/spdm/pkg/transport/storage/storage.go:47.2,50.56 3 1
github.com/xaionaro-go/spdm/pkg/transport/storage/storage.go:50.56,52.3 1 0
github.com/xaionaro-go/spdm/pkg/transport/storage/storage.go:53.2,53.26 1 1
github.com/xaionaro-go/spdm/pkg/transport/storage/storage.go:56.38,56.50 1 0
github.com/xaionaro-go/spdm/pkg/transport/storage/storage_binding_header.go:36.58,41.2 4 0
github.com/xaionaro-go/spdm/pkg/transport/storage/storage_binding_header.go:44.61,45.48 1 0
github.com/xaionaro-go/spdm/pkg/transport/storage/storage_binding_header.go:45.48,47.3 1 0
github.com/xaionaro-go/spdm/pkg/transport/storage/storage_binding_header.go:49.2,51.12 3 0
github.com/xaionaro-go/spdm/pkg/transport/storage/storage_binding_header.go:66.69,76.2 9 0
github.com/xaionaro-go/spdm/pkg/transport/storage/storage_binding_header.go:79.72,80.59 1 0
github.com/xaionaro-go/spdm/pkg/transport/storage/storage_binding_header.go:80.59,82.3 1 0
github.com/xaionaro-go/spdm/pkg/transport/storage/storage_binding_header.go:84.2,91.12 8 0
github.com/xaionaro-go/spdm/pkg/transport/tcp/tcp.go:19.41,21.2 1 1
github.com/xaionaro-go/spdm/pkg/transport/tcp/tcp.go:23.81,30.51 5 1
github.com/xaionaro-go/spdm/pkg/transport/tcp/tcp.go:30.51,32.3 1 0
github.com/xaionaro-go/spdm/pkg/transport/tcp/tcp.go:33.2,33.45 1 1
github.com/xaionaro-go/spdm/pkg/transport/tcp/tcp.go:33.45,35.3 1 0
github.com/xaionaro-go/spdm/pkg/transport/tcp/tcp.go:36.2,36.12 1 1
github.com/xaionaro-go/spdm/pkg/transport/tcp/tcp.go:39.80,41.58 2 1
github.com/xaionaro-go/spdm/pkg/transport/tcp/tcp.go:41.58,43.3 1 0
github.com/xaionaro-go/spdm/pkg/transport/tcp/tcp.go:44.2,47.56 3 1
github.com/xaionaro-go/spdm/pkg/transport/tcp/tcp.go:47.56,49.3 1 0
github.com/xaionaro-go/spdm/pkg/transport/tcp/tcp.go:50.2,50.26 1 1
github.com/xaionaro-go/spdm/pkg/transport/tcp/tcp.go:53.38,53.50 1 0
github.com/xaionaro-go/spdm/pkg/transport/tcp/tcp_binding_header.go:32.54,38.2 5 0
github.com/xaionaro-go/spdm/pkg/transport/tcp/tcp_binding_header.go:41.57,42.44 1 0
github.com/xaionaro-go/spdm/pkg/transport/tcp/tcp_binding_header.go:42.44,44.3 1 0
github.com/xaionaro-go/spdm/pkg/transport/tcp/tcp_binding_header.go:46.2,49.12 4 0
